"../../../Engine/Content/EngineMaterials/T_Default_Material_Grid_M.ubulk" 0
"../../../Engine/Content/EngineMaterials/T_Default_Material_Grid_M.uasset" 1
"../../../Engine/Content/EngineMaterials/T_Default_Material_Grid_M.uexp" 2
"../../../Engine/Content/EngineMaterials/T_Default_Material_Grid_N.ubulk" 3
"../../../Engine/Content/EngineMaterials/T_Default_Material_Grid_N.uasset" 4
"../../../Engine/Content/EngineMaterials/T_Default_Material_Grid_N.uexp" 5
"../../../Engine/Content/Functions/Engine_MaterialFunctions01/Opacity/CameraDepthFade.uasset" 6
"../../../Engine/Content/Functions/Engine_MaterialFunctions01/Opacity/CameraDepthFade.uexp" 7
"../../../Engine/Content/EngineMaterials/DefaultMaterial.uasset" 8
"../../../Engine/Content/EngineMaterials/DefaultMaterial.uexp" 9
"../../../Engine/Content/BasicShapes/Sphere.ubulk" 10
"../../../Engine/Content/BasicShapes/Sphere.uasset" 11
"../../../Engine/Content/BasicShapes/Sphere.uexp" 12
"../../../Engine/Content/EngineMaterials/WorldGridMaterial.uasset" 13
"../../../Engine/Content/EngineMaterials/WorldGridMaterial.uexp" 14
"../../../Engine/Content/BasicShapes/Plane.ubulk" 15
"../../../Engine/Content/BasicShapes/Plane.uasset" 16
"../../../Engine/Content/BasicShapes/Plane.uexp" 17
"../../../Engine/Content/BasicShapes/Cylinder.ubulk" 18
"../../../Engine/Content/BasicShapes/Cylinder.uasset" 19
"../../../Engine/Content/BasicShapes/Cylinder.uexp" 20
"../../../Engine/Content/BasicShapes/Cone.ubulk" 21
"../../../Engine/Content/BasicShapes/Cone.uasset" 22
"../../../Engine/Content/BasicShapes/Cone.uexp" 23
"../../../Engine/Content/ArtTools/RenderToTexture/Meshes/S_1_Unit_Plane.ubulk" 24
"../../../Engine/Content/ArtTools/RenderToTexture/Meshes/S_1_Unit_Plane.uasset" 25
"../../../Engine/Content/ArtTools/RenderToTexture/Meshes/S_1_Unit_Plane.uexp" 26
"Y:/Game Dev/projekt/GrenadeQuizz/Content/unknown__1_.uasset" 27
"Y:/Game Dev/projekt/GrenadeQuizz/Content/unknown__1_.uexp" 28
"../../../Engine/Plugins/FX/Niagara/Content/Enums/ENiagara_MassInitializationMode.uasset" 29
"../../../Engine/Plugins/FX/Niagara/Content/Enums/ENiagara_MassInitializationMode.uexp" 30
"../../../Engine/Plugins/FX/Niagara/Content/Enums/ENiagaraCollisionRadiusOptions.uasset" 31
"../../../Engine/Plugins/FX/Niagara/Content/Enums/ENiagaraCollisionRadiusOptions.uexp" 32
"../../../Engine/Plugins/FX/Niagara/Content/DefaultAssets/DefaultSpriteMaterial.uasset" 33
"../../../Engine/Plugins/FX/Niagara/Content/DefaultAssets/DefaultSpriteMaterial.uexp" 34
"../../../Engine/Plugins/FX/Niagara/Content/Enums/ENiagara_DirectReadApplicationMode.uasset" 35
"../../../Engine/Plugins/FX/Niagara/Content/Enums/ENiagara_DirectReadApplicationMode.uexp" 36
"../../../Engine/Plugins/FX/Niagara/Content/Functions/Localspace/TransformBase.uasset" 37
"../../../Engine/Plugins/FX/Niagara/Content/Functions/Localspace/TransformBase.uexp" 38
"../../../Engine/Plugins/FX/Niagara/Content/Functions/Localspace/TransformVector.uasset" 39
"../../../Engine/Plugins/FX/Niagara/Content/Functions/Localspace/TransformVector.uexp" 40
"../../../Engine/Plugins/FX/Niagara/Content/Modules/Update/Forces/GravityForce.uasset" 41
"../../../Engine/Plugins/FX/Niagara/Content/Modules/Update/Forces/GravityForce.uexp" 42
"../../../Engine/Plugins/FX/Niagara/Content/Enums/ENiagaraFrictionMergeType.uasset" 43
"../../../Engine/Plugins/FX/Niagara/Content/Enums/ENiagaraFrictionMergeType.uexp" 44
"../../../Engine/Plugins/FX/Niagara/Content/Enums/ENiagara_PositionInitializationMode.uasset" 45
"../../../Engine/Plugins/FX/Niagara/Content/Enums/ENiagara_PositionInitializationMode.uexp" 46
"../../../Engine/Plugins/FX/Niagara/Content/Icons/Modules/T_Icon_Solver_LimitSpeed.uasset" 47
"../../../Engine/Plugins/FX/Niagara/Content/Icons/Modules/T_Icon_Solver_LimitSpeed.uexp" 48
"../../../Engine/Plugins/FX/Niagara/Content/Functions/DirectionAndLengthSafe.uasset" 49
"../../../Engine/Plugins/FX/Niagara/Content/Functions/DirectionAndLengthSafe.uexp" 50
"../../../Engine/Plugins/FX/Niagara/Content/Functions/Rotation/MultiplyQuaternion.uasset" 51
"../../../Engine/Plugins/FX/Niagara/Content/Functions/Rotation/MultiplyQuaternion.uexp" 52
"../../../Engine/Plugins/FX/Niagara/Content/Functions/Rotation/AxisAngleToQuaternion.uasset" 53
"../../../Engine/Plugins/FX/Niagara/Content/Functions/Rotation/AxisAngleToQuaternion.uexp" 54
"../../../Engine/Plugins/FX/Niagara/Content/Modules/Solvers/ApplyRotationVector.uasset" 55
"../../../Engine/Plugins/FX/Niagara/Content/Modules/Solvers/ApplyRotationVector.uexp" 56
"../../../Engine/Plugins/FX/Niagara/Content/Icons/Modules/T_Icon_Solver_RotationalSolve.uasset" 57
"../../../Engine/Plugins/FX/Niagara/Content/Icons/Modules/T_Icon_Solver_RotationalSolve.uexp" 58
"../../../Engine/Plugins/FX/Niagara/Content/Icons/Modules/T_Icon_Solver_LimitAccel.uasset" 59
"../../../Engine/Plugins/FX/Niagara/Content/Icons/Modules/T_Icon_Solver_LimitAccel.uexp" 60
"../../../Engine/Plugins/FX/Niagara/Content/Modules/Solvers/SolveForcesAndVelocity.uasset" 61
"../../../Engine/Plugins/FX/Niagara/Content/Modules/Solvers/SolveForcesAndVelocity.uexp" 62
"../../../Engine/Plugins/FX/Niagara/Content/Modules/Update/Forces/Drag.uasset" 63
"../../../Engine/Plugins/FX/Niagara/Content/Modules/Update/Forces/Drag.uexp" 64
"../../../Engine/Plugins/FX/Niagara/Content/Enums/ENiagara_DirectReadSamplingMode.uasset" 65
"../../../Engine/Plugins/FX/Niagara/Content/Enums/ENiagara_DirectReadSamplingMode.uexp" 66
"../../../Engine/Plugins/FX/Niagara/Content/Enums/ENiagara_SizeScaleMode.uasset" 67
"../../../Engine/Plugins/FX/Niagara/Content/Enums/ENiagara_SizeScaleMode.uexp" 68
"../../../Engine/Plugins/FX/Niagara/Content/Enums/ENiagara_UVFlippingMode.uasset" 69
"../../../Engine/Plugins/FX/Niagara/Content/Enums/ENiagara_UVFlippingMode.uexp" 70
"../../../Engine/Plugins/FX/Niagara/Content/Enums/ENiagara_GPUCollisionType.uasset" 71
"../../../Engine/Plugins/FX/Niagara/Content/Enums/ENiagara_GPUCollisionType.uexp" 72
"../../../Engine/Plugins/FX/Niagara/Content/Functions/Localspace/SimulationPosition.uasset" 73
"../../../Engine/Plugins/FX/Niagara/Content/Functions/Localspace/SimulationPosition.uexp" 74
"../../../Engine/Plugins/FX/Niagara/Content/Enums/ENiagaraRandomnessMode.uasset" 75
"../../../Engine/Plugins/FX/Niagara/Content/Enums/ENiagaraRandomnessMode.uexp" 76
"../../../Engine/Plugins/FX/Niagara/Content/Enums/ENiagaraRandomnessEvaluation.uasset" 77
"../../../Engine/Plugins/FX/Niagara/Content/Enums/ENiagaraRandomnessEvaluation.uexp" 78
"../../../Engine/Plugins/FX/Niagara/Content/Functions/V2/CalculateRandomRangeInteger.uasset" 79
"../../../Engine/Plugins/FX/Niagara/Content/Functions/V2/CalculateRandomRangeInteger.uexp" 80
"../../../Engine/Plugins/FX/Niagara/Content/Functions/V2/CalculateRandomRangeFloat.uasset" 81
"../../../Engine/Plugins/FX/Niagara/Content/Functions/V2/CalculateRandomRangeFloat.uexp" 82
"../../../Engine/Plugins/FX/Niagara/Content/Enums/Ribbons/ENiagara_UnsetDirectSetRandom.uasset" 83
"../../../Engine/Plugins/FX/Niagara/Content/Enums/Ribbons/ENiagara_UnsetDirectSetRandom.uexp" 84
"../../../Engine/Plugins/FX/Niagara/Content/Enums/ENiagara_LifetimeMode.uasset" 85
"../../../Engine/Plugins/FX/Niagara/Content/Enums/ENiagara_LifetimeMode.uexp" 86
"../../../Engine/Plugins/FX/Niagara/Content/Functions/V2/CalculateRandomRange.uasset" 87
"../../../Engine/Plugins/FX/Niagara/Content/Functions/V2/CalculateRandomRange.uexp" 88
"../../../Engine/Plugins/FX/Niagara/Content/Functions/V2/CalculateRandomBool.uasset" 89
"../../../Engine/Plugins/FX/Niagara/Content/Functions/V2/CalculateRandomBool.uexp" 90
"../../../Engine/Plugins/FX/Niagara/Content/Enums/Ribbons/ENiagara_UnsetDirectSet.uasset" 91
"../../../Engine/Plugins/FX/Niagara/Content/Enums/Ribbons/ENiagara_UnsetDirectSet.uexp" 92
"../../../Engine/Plugins/FX/Niagara/Content/Enums/ENiagara_SpriteRotationMode.uasset" 93
"../../../Engine/Plugins/FX/Niagara/Content/Enums/ENiagara_SpriteRotationMode.uexp" 94
"../../../Engine/Plugins/FX/Niagara/Content/Enums/ENiagara_ColorInitializationMode.uasset" 95
"../../../Engine/Plugins/FX/Niagara/Content/Enums/ENiagara_ColorInitializationMode.uexp" 96
"../../../Engine/Plugins/FX/Niagara/Content/Functions/LinearColor/HueShiftLinearColor.uasset" 97
"../../../Engine/Plugins/FX/Niagara/Content/Functions/LinearColor/HueShiftLinearColor.uexp" 98
"../../../Engine/Plugins/FX/Niagara/Content/Enums/ENiagaraChannelCorrelation.uasset" 99
"../../../Engine/Plugins/FX/Niagara/Content/Enums/ENiagaraChannelCorrelation.uexp" 100
"../../../Engine/Plugins/FX/Niagara/Content/Modules/Spawn/Initialization/V2/InitializeParticle.uasset" 101
"../../../Engine/Plugins/FX/Niagara/Content/Modules/Spawn/Initialization/V2/InitializeParticle.uexp" 102
"../../../Engine/Plugins/FX/Niagara/Content/Functions/Math/SaturateFloat.uasset" 103
"../../../Engine/Plugins/FX/Niagara/Content/Functions/Math/SaturateFloat.uexp" 104
"../../../Engine/Plugins/FX/Niagara/Content/Functions/Rotation/XYZRotationToQuaternion.uasset" 105
"../../../Engine/Plugins/FX/Niagara/Content/Functions/Rotation/XYZRotationToQuaternion.uexp" 106
"../../../Engine/Plugins/FX/Niagara/Content/Functions/Rotation/MultiplyVectorWithQuaternion.uasset" 107
"../../../Engine/Plugins/FX/Niagara/Content/Functions/Rotation/MultiplyVectorWithQuaternion.uexp" 108
"../../../Engine/Plugins/FX/Niagara/Content/Functions/Rotation/FindQuatBetween.uasset" 109
"../../../Engine/Plugins/FX/Niagara/Content/Functions/Rotation/FindQuatBetween.uexp" 110
"../../../Engine/Plugins/FX/Niagara/Content/Functions/V2/CalculateRandomUnitVector.uasset" 111
"../../../Engine/Plugins/FX/Niagara/Content/Functions/V2/CalculateRandomUnitVector.uexp" 112
"../../../Engine/Plugins/FX/Niagara/Content/Enums/Angles/ENiagara_AngleInput.uasset" 113
"../../../Engine/Plugins/FX/Niagara/Content/Enums/Angles/ENiagara_AngleInput.uexp" 114
"../../../Engine/Plugins/FX/Niagara/Content/Functions/Rotation/AngleUnitConverter.uasset" 115
"../../../Engine/Plugins/FX/Niagara/Content/Functions/Rotation/AngleUnitConverter.uexp" 116
"../../../Engine/Plugins/FX/Niagara/Content/Enums/Utility/ENiagara_VelocityMode.uasset" 117
"../../../Engine/Plugins/FX/Niagara/Content/Enums/Utility/ENiagara_VelocityMode.uexp" 118
"../../../Engine/Plugins/FX/Niagara/Content/Functions/Rotation/InvertQuaternion.uasset" 119
"../../../Engine/Plugins/FX/Niagara/Content/Functions/Rotation/InvertQuaternion.uexp" 120
"../../../Engine/Plugins/FX/Niagara/Content/Functions/Rotation/MatrixToQuaternion.uasset" 121
"../../../Engine/Plugins/FX/Niagara/Content/Functions/Rotation/MatrixToQuaternion.uexp" 122
"../../../Engine/Plugins/FX/Niagara/Content/Functions/Rotation/MakeQuaternionFrom3BasisVectors.uasset" 123
"../../../Engine/Plugins/FX/Niagara/Content/Functions/Rotation/MakeQuaternionFrom3BasisVectors.uexp" 124
"../../../Engine/Plugins/FX/Niagara/Content/Enums/Transforms/ENiagara_RotationMode.uasset" 125
"../../../Engine/Plugins/FX/Niagara/Content/Enums/Transforms/ENiagara_RotationMode.uexp" 126
"../../../Engine/Plugins/FX/Niagara/Content/Functions/Rotation/TransformStack/TransformStack_Rotation.uasset" 127
"../../../Engine/Plugins/FX/Niagara/Content/Functions/Rotation/TransformStack/TransformStack_Rotation.uexp" 128
"../../../Engine/Plugins/FX/Niagara/Content/Functions/GetRandomInfo.uasset" 129
"../../../Engine/Plugins/FX/Niagara/Content/Functions/GetRandomInfo.uexp" 130
"../../../Engine/Plugins/FX/Niagara/Content/Functions/RandomRangeFloat.uasset" 131
"../../../Engine/Plugins/FX/Niagara/Content/Functions/RandomRangeFloat.uexp" 132
"../../../Engine/Plugins/FX/Niagara/Content/Functions/Math/CalculateRandomPointInConeSphereIntersection.uasset" 133
"../../../Engine/Plugins/FX/Niagara/Content/Functions/Math/CalculateRandomPointInConeSphereIntersection.uexp" 134
"../../../Engine/Plugins/FX/Niagara/Content/Functions/NormalizeDistanceRange.uasset" 135
"../../../Engine/Plugins/FX/Niagara/Content/Functions/NormalizeDistanceRange.uexp" 136
"../../../Engine/Plugins/FX/Niagara/Content/Functions/DistanceBasedFalloff.uasset" 137
"../../../Engine/Plugins/FX/Niagara/Content/Functions/DistanceBasedFalloff.uexp" 138
"../../../Engine/Plugins/FX/Niagara/Content/Modules/Spawn/Velocity/AddVelocity.uasset" 139
"../../../Engine/Plugins/FX/Niagara/Content/Modules/Spawn/Velocity/AddVelocity.uexp" 140
"../../../Engine/Plugins/FX/Niagara/Content/Enums/ENiagaraEmitterLifeCycleMode.uasset" 141
"../../../Engine/Plugins/FX/Niagara/Content/Enums/ENiagaraEmitterLifeCycleMode.uexp" 142
"../../../Engine/Plugins/FX/Niagara/Content/Functions/Emitter/EmitterChangeState.uasset" 143
"../../../Engine/Plugins/FX/Niagara/Content/Functions/Emitter/EmitterChangeState.uexp" 144
"../../../Engine/Plugins/FX/Niagara/Content/Enums/ENiagara_InfiniteLoopDuration.uasset" 145
"../../../Engine/Plugins/FX/Niagara/Content/Enums/ENiagara_InfiniteLoopDuration.uexp" 146
"../../../Engine/Plugins/FX/Niagara/Content/Enums/ENiagara_EmitterStateOptions.uasset" 147
"../../../Engine/Plugins/FX/Niagara/Content/Enums/ENiagara_EmitterStateOptions.uexp" 148
"../../../Engine/Plugins/FX/Niagara/Content/Enums/ENiagaraInactiveMode.uasset" 149
"../../../Engine/Plugins/FX/Niagara/Content/Enums/ENiagaraInactiveMode.uexp" 150
"../../../Engine/Plugins/FX/Niagara/Content/Enums/ENiagaraExecutionStateManagement.uasset" 151
"../../../Engine/Plugins/FX/Niagara/Content/Enums/ENiagaraExecutionStateManagement.uexp" 152
"../../../Engine/Plugins/FX/Niagara/Content/Enums/ENiagaraEmitterScalabilityMode_Limited.uasset" 153
"../../../Engine/Plugins/FX/Niagara/Content/Enums/ENiagaraEmitterScalabilityMode_Limited.uexp" 154
"../../../Engine/Plugins/FX/Niagara/Content/Modules/Emitter/EmitterState.uasset" 155
"../../../Engine/Plugins/FX/Niagara/Content/Modules/Emitter/EmitterState.uexp" 156
"../../../Engine/Plugins/FX/Niagara/Content/Enums/ENiagara_EmitterLocSamplingMode.uasset" 157
"../../../Engine/Plugins/FX/Niagara/Content/Enums/ENiagara_EmitterLocSamplingMode.uexp" 158
"../../../Engine/Plugins/FX/Niagara/Content/Enums/ENiagara_DirectReadParticleIDSampling.uasset" 159
"../../../Engine/Plugins/FX/Niagara/Content/Enums/ENiagara_DirectReadParticleIDSampling.uexp" 160
"../../../Engine/Plugins/FX/Niagara/Content/Enums/ENiagara_LifetimeInheritanceOptions.uasset" 161
"../../../Engine/Plugins/FX/Niagara/Content/Enums/ENiagara_LifetimeInheritanceOptions.uexp" 162
"../../../Engine/Plugins/FX/Niagara/Content/Functions/RandomRangeInteger.uasset" 163
"../../../Engine/Plugins/FX/Niagara/Content/Functions/RandomRangeInteger.uexp" 164
"../../../Engine/Plugins/FX/Niagara/Content/Modules/AttributeReader/SampleParticlesFromOtherEmitter.uasset" 165
"../../../Engine/Plugins/FX/Niagara/Content/Modules/AttributeReader/SampleParticlesFromOtherEmitter.uexp" 166
"../../../Engine/Plugins/FX/Niagara/Content/Modules/Emitter/SpawnBurst_Instantaneous.uasset" 167
"../../../Engine/Plugins/FX/Niagara/Content/Modules/Emitter/SpawnBurst_Instantaneous.uexp" 168
"../../../Engine/Plugins/FX/Niagara/Content/Modules/AttributeReader/SpawnParticlesFromOtherEmitter.uasset" 169
"../../../Engine/Plugins/FX/Niagara/Content/Modules/AttributeReader/SpawnParticlesFromOtherEmitter.uexp" 170
"../../../Engine/Plugins/FX/Niagara/Content/Enums/ENiagaraCalculateRadiusOptions.uasset" 171
"../../../Engine/Plugins/FX/Niagara/Content/Enums/ENiagaraCalculateRadiusOptions.uexp" 172
"../../../Engine/Plugins/FX/Niagara/Content/DynamicInputs/UniformRange/UniformRangedFloat.uasset" 173
"../../../Engine/Plugins/FX/Niagara/Content/DynamicInputs/UniformRange/UniformRangedFloat.uexp" 174
"../../../Engine/Plugins/FX/Niagara/Content/Enums/ENiagaraSystemInactiveMode.uasset" 175
"../../../Engine/Plugins/FX/Niagara/Content/Enums/ENiagaraSystemInactiveMode.uexp" 176
"../../../Engine/Plugins/FX/Niagara/Content/DynamicInputs/UniformRange/V2/RandomRangeInt.uasset" 177
"../../../Engine/Plugins/FX/Niagara/Content/DynamicInputs/UniformRange/V2/RandomRangeInt.uexp" 178
"../../../Engine/Plugins/FX/Niagara/Content/Enums/ENiagara_CPUCollisionType.uasset" 179
"../../../Engine/Plugins/FX/Niagara/Content/Enums/ENiagara_CPUCollisionType.uexp" 180
"../../../Engine/Plugins/FX/Niagara/Content/DynamicInputs/TypeConversions/Vector2DFromFloat.uasset" 181
"../../../Engine/Plugins/FX/Niagara/Content/DynamicInputs/TypeConversions/Vector2DFromFloat.uexp" 182
"../../../Engine/Plugins/FX/Niagara/Content/Enums/ENiagaraRestitutionMergeType.uasset" 183
"../../../Engine/Plugins/FX/Niagara/Content/Enums/ENiagaraRestitutionMergeType.uexp" 184
"../../../Engine/Plugins/FX/Niagara/Content/Functions/System/SystemChangeState.uasset" 185
"../../../Engine/Plugins/FX/Niagara/Content/Functions/System/SystemChangeState.uexp" 186
"../../../Engine/Plugins/FX/Niagara/Content/Modules/System/SystemState.uasset" 187
"../../../Engine/Plugins/FX/Niagara/Content/Modules/System/SystemState.uexp" 188
"../../../Engine/Plugins/FX/Niagara/Content/DynamicInputs/ValueFromCurve/FloatFromCurve.uasset" 189
"../../../Engine/Plugins/FX/Niagara/Content/DynamicInputs/ValueFromCurve/FloatFromCurve.uexp" 190
"../../../Engine/Plugins/FX/Niagara/Content/Icons/Modules/T_Icon_Particle_InfiniteLife.uasset" 191
"../../../Engine/Plugins/FX/Niagara/Content/Icons/Modules/T_Icon_Particle_InfiniteLife.uexp" 192
"../../../Engine/Plugins/FX/Niagara/Content/Modules/Update/Lifetime/ParticleState.uasset" 193
"../../../Engine/Plugins/FX/Niagara/Content/Modules/Update/Lifetime/ParticleState.uexp" 194
"../../../Engine/Plugins/FX/Niagara/Content/Enums/SpriteRenderer/ENiagara_ScaleSpriteSize.uasset" 195
"../../../Engine/Plugins/FX/Niagara/Content/Enums/SpriteRenderer/ENiagara_ScaleSpriteSize.uexp" 196
"../../../Engine/Plugins/FX/Niagara/Content/Modules/Update/Size/ScaleSpriteSize.uasset" 197
"../../../Engine/Plugins/FX/Niagara/Content/Modules/Update/Size/ScaleSpriteSize.uexp" 198
"../../../Engine/Plugins/FX/Niagara/Content/Functions/ProjectVectorOnPlane.uasset" 199
"../../../Engine/Plugins/FX/Niagara/Content/Functions/ProjectVectorOnPlane.uexp" 200
"../../../Engine/Plugins/FX/Niagara/Content/Functions/CalculateRadiusFromSpriteSize.uasset" 201
"../../../Engine/Plugins/FX/Niagara/Content/Functions/CalculateRadiusFromSpriteSize.uexp" 202
"../../../Engine/Plugins/FX/Niagara/Content/Functions/ReflectVector.uasset" 203
"../../../Engine/Plugins/FX/Niagara/Content/Functions/ReflectVector.uexp" 204
"../../../Engine/Plugins/FX/Niagara/Content/Enums/ENiagara_Float4Channel.uasset" 205
"../../../Engine/Plugins/FX/Niagara/Content/Enums/ENiagara_Float4Channel.uexp" 206
"../../../Engine/Plugins/FX/Niagara/Content/Functions/Textures/CalculateA_VolumeTexturesDistanceFieldGradient.uasset" 207
"../../../Engine/Plugins/FX/Niagara/Content/Functions/Textures/CalculateA_VolumeTexturesDistanceFieldGradient.uexp" 208
"../../../Engine/Plugins/FX/Niagara/Content/Modules/Collision/NiagaraDistanceFieldCollisions.uasset" 209
"../../../Engine/Plugins/FX/Niagara/Content/Modules/Collision/NiagaraDistanceFieldCollisions.uexp" 210
"../../../Engine/Plugins/FX/Niagara/Content/Modules/Collision/SceneDepthTest.uasset" 211
"../../../Engine/Plugins/FX/Niagara/Content/Modules/Collision/SceneDepthTest.uexp" 212
"../../../Engine/Plugins/FX/Niagara/Content/Functions/Collision/PlaneSphereCollisionDetection.uasset" 213
"../../../Engine/Plugins/FX/Niagara/Content/Functions/Collision/PlaneSphereCollisionDetection.uexp" 214
"../../../Engine/Plugins/FX/Niagara/Content/Functions/Collision/RandomizeCollisionNormals.uasset" 215
"../../../Engine/Plugins/FX/Niagara/Content/Functions/Collision/RandomizeCollisionNormals.uexp" 216
"../../../Engine/Plugins/FX/Niagara/Content/Functions/Math/CentimeterMeterConversion.uasset" 217
"../../../Engine/Plugins/FX/Niagara/Content/Functions/Math/CentimeterMeterConversion.uexp" 218
"../../../Engine/Plugins/FX/Niagara/Content/Modules/Collision/CollisionQueryAndResponse.uasset" 219
"../../../Engine/Plugins/FX/Niagara/Content/Modules/Collision/CollisionQueryAndResponse.uexp" 220
"../../../Engine/Plugins/FX/Niagara/Content/Functions/Localspace/TransformPosition.uasset" 221
"../../../Engine/Plugins/FX/Niagara/Content/Functions/Localspace/TransformPosition.uexp" 222
"../../../Engine/Plugins/FX/Niagara/Content/Functions/Helpers/DoOnce_fn.uasset" 223
"../../../Engine/Plugins/FX/Niagara/Content/Functions/Helpers/DoOnce_fn.uexp" 224
"../../../Engine/Plugins/FX/Niagara/Content/Functions/CalculateMeshRadius.uasset" 225
"../../../Engine/Plugins/FX/Niagara/Content/Functions/CalculateMeshRadius.uexp" 226
"../../../Engine/Plugins/FX/Niagara/Content/Modules/Collision/Collision.uasset" 227
"../../../Engine/Plugins/FX/Niagara/Content/Modules/Collision/Collision.uexp" 228
"../../../Engine/Plugins/FX/Niagara/Content/DefaultAssets/Templates/Systems/AttributeReaderTrails.uasset" 229
"../../../Engine/Plugins/FX/Niagara/Content/DefaultAssets/Templates/Systems/AttributeReaderTrails.uexp" 230
"../../../Engine/Plugins/FX/Niagara/Content/Modules/Update/Size/ScaleMeshSize.uasset" 231
"../../../Engine/Plugins/FX/Niagara/Content/Modules/Update/Size/ScaleMeshSize.uexp" 232
"../../../Engine/Plugins/FX/Niagara/Content/Enums/ENiagaraExpansionMode.uasset" 233
"../../../Engine/Plugins/FX/Niagara/Content/Enums/ENiagaraExpansionMode.uexp" 234
"../../../Engine/Plugins/FX/Niagara/Content/Enums/ENiagaraSphereDistributionMode.uasset" 235
"../../../Engine/Plugins/FX/Niagara/Content/Enums/ENiagaraSphereDistributionMode.uexp" 236
"../../../Engine/Plugins/FX/Niagara/Content/Enums/ENiagaraTorusDistributionMode.uasset" 237
"../../../Engine/Plugins/FX/Niagara/Content/Enums/ENiagaraTorusDistributionMode.uexp" 238
"../../../Engine/Plugins/FX/Niagara/Content/Modules/Emitter/SpawnRate.uasset" 239
"../../../Engine/Plugins/FX/Niagara/Content/Modules/Emitter/SpawnRate.uexp" 240
"../../../Engine/Plugins/FX/Niagara/Content/DynamicInputs/UniformRange/V2/RandomRangeFloat.uasset" 241
"../../../Engine/Plugins/FX/Niagara/Content/DynamicInputs/UniformRange/V2/RandomRangeFloat.uexp" 242
"../../../Engine/Plugins/FX/Niagara/Content/Enums/Location/ENiagara_LocationShapes.uasset" 243
"../../../Engine/Plugins/FX/Niagara/Content/Enums/Location/ENiagara_LocationShapes.uexp" 244
"../../../Engine/Plugins/FX/Niagara/Content/Enums/Location/ENiagara_CylinderMode.uasset" 245
"../../../Engine/Plugins/FX/Niagara/Content/Enums/Location/ENiagara_CylinderMode.uexp" 246
"../../../Engine/Plugins/FX/Niagara/Content/Functions/FindAngleBetweenVectors.uasset" 247
"../../../Engine/Plugins/FX/Niagara/Content/Functions/FindAngleBetweenVectors.uexp" 248
"../../../Engine/Plugins/FX/Niagara/Content/Functions/V2/RemapRange.uasset" 249
"../../../Engine/Plugins/FX/Niagara/Content/Functions/V2/RemapRange.uexp" 250
"../../../Engine/Plugins/FX/Niagara/Content/Functions/V2/ConeMask.uasset" 251
"../../../Engine/Plugins/FX/Niagara/Content/Functions/V2/ConeMask.uexp" 252
"../../../Engine/Plugins/FX/Niagara/Content/VectorFields/Assets/TilingCurl32.uasset" 253
"../../../Engine/Plugins/FX/Niagara/Content/VectorFields/Assets/TilingCurl32.uexp" 254
"../../../Engine/Plugins/FX/Niagara/Content/Enums/ENiagaraCurlNoiseQuality.uasset" 255
"../../../Engine/Plugins/FX/Niagara/Content/Enums/ENiagaraCurlNoiseQuality.uexp" 256
"../../../Engine/Plugins/FX/Niagara/Content/VectorFields/Assets/TilingCurl64.uasset" 257
"../../../Engine/Plugins/FX/Niagara/Content/VectorFields/Assets/TilingCurl64.uexp" 258
"../../../Engine/Plugins/FX/Niagara/Content/VectorFields/Assets/TilingCurl16.uasset" 259
"../../../Engine/Plugins/FX/Niagara/Content/VectorFields/Assets/TilingCurl16.uexp" 260
"../../../Engine/Plugins/FX/Niagara/Content/Modules/Update/Forces/V2/CurlNoiseForce.uasset" 261
"../../../Engine/Plugins/FX/Niagara/Content/Modules/Update/Forces/V2/CurlNoiseForce.uexp" 262
"../../../Engine/Plugins/FX/Niagara/Content/Enums/ENiagaraScaleColorMode.uasset" 263
"../../../Engine/Plugins/FX/Niagara/Content/Enums/ENiagaraScaleColorMode.uexp" 264
"../../../Engine/Plugins/FX/Niagara/Content/Modules/Update/Color/ScaleColor.uasset" 265
"../../../Engine/Plugins/FX/Niagara/Content/Modules/Update/Color/ScaleColor.uexp" 266
"../../../Engine/Plugins/FX/Niagara/Content/Enums/Transforms/ENiagara_ScaleMode.uasset" 267
"../../../Engine/Plugins/FX/Niagara/Content/Enums/Transforms/ENiagara_ScaleMode.uexp" 268
"../../../Engine/Content/EngineSounds/Submixes/MasterEQEffectPreset.uasset" 269
"../../../Engine/Content/EngineSounds/Submixes/MasterEQEffectPreset.uexp" 270
"../../../Engine/Content/EngineSounds/Submixes/MasterEQSubmixDefault.uasset" 271
"../../../Engine/Content/EngineSounds/Submixes/MasterEQSubmixDefault.uexp" 272
"../../../Engine/Content/EngineSounds/Submixes/MasterReverbEffectPreset.uasset" 273
"../../../Engine/Content/EngineSounds/Submixes/MasterReverbEffectPreset.uexp" 274
"../../../Engine/Content/EngineSounds/Submixes/MasterReverbSubmixDefault.uasset" 275
"../../../Engine/Content/EngineSounds/Submixes/MasterReverbSubmixDefault.uexp" 276
"../../../Engine/Content/EngineSounds/Submixes/MasterSubmixDefault.uasset" 277
"../../../Engine/Content/EngineSounds/Submixes/MasterSubmixDefault.uexp" 278
"../../../Engine/Content/BasicShapes/Cube.ubulk" 279
"../../../Engine/Content/BasicShapes/Cube.uasset" 280
"../../../Engine/Content/BasicShapes/Cube.uexp" 281
"../../../Engine/Plugins/FX/Niagara/Content/Modules/Update/Forces/VortexForce.uasset" 282
"../../../Engine/Plugins/FX/Niagara/Content/Modules/Update/Forces/VortexForce.uexp" 283
"../../../Engine/Plugins/FX/Niagara/Content/Enums/Location/ENiagara_ConeMode.uasset" 284
"../../../Engine/Plugins/FX/Niagara/Content/Enums/Location/ENiagara_ConeMode.uexp" 285
"../../../Engine/Plugins/FX/Niagara/Content/Enums/ENiagara_AttributeSamplingApplyOutput.uasset" 286
"../../../Engine/Plugins/FX/Niagara/Content/Enums/ENiagara_AttributeSamplingApplyOutput.uexp" 287
"../../../Engine/Content/Functions/Engine_MaterialFunctions02/Utility/BreakOutFloat2Components.uasset" 288
"../../../Engine/Content/Functions/Engine_MaterialFunctions02/Utility/BreakOutFloat2Components.uexp" 289
"../../../Engine/Content/Functions/Engine_MaterialFunctions01/Texturing/ScaleUVsByCenter.uasset" 290
"../../../Engine/Content/Functions/Engine_MaterialFunctions01/Texturing/ScaleUVsByCenter.uexp" 291
"Y:/Game Dev/projekt/GrenadeQuizz/Content/testMotif.uasset" 292
"Y:/Game Dev/projekt/GrenadeQuizz/Content/testMotif.uexp" 293
"Y:/Game Dev/projekt/GrenadeQuizz/Content/NewMaterial.uasset" 294
"Y:/Game Dev/projekt/GrenadeQuizz/Content/NewMaterial.uexp" 295
"../../../Engine/Plugins/FX/Niagara/Content/Enums/Transforms/ENiagara_OffsetMode.uasset" 296
"../../../Engine/Plugins/FX/Niagara/Content/Enums/Transforms/ENiagara_OffsetMode.uexp" 297
"../../../Engine/Plugins/FX/Niagara/Content/Enums/Location/ENiagara_BoxPlaneMode.uasset" 298
"../../../Engine/Plugins/FX/Niagara/Content/Enums/Location/ENiagara_BoxPlaneMode.uexp" 299
"../../../Engine/Plugins/FX/Niagara/Content/Enums/Transforms/ENiagara_TransformOrder.uasset" 300
"../../../Engine/Plugins/FX/Niagara/Content/Enums/Transforms/ENiagara_TransformOrder.uexp" 301
"../../../Engine/Plugins/FX/Niagara/Content/Enums/Location/ENiagaraRingDiscMode.uasset" 302
"../../../Engine/Plugins/FX/Niagara/Content/Enums/Location/ENiagaraRingDiscMode.uexp" 303
"../../../Engine/Plugins/FX/Niagara/Content/DynamicInputs/ValueFromCurve/VectorFromCurve.uasset" 304
"../../../Engine/Plugins/FX/Niagara/Content/DynamicInputs/ValueFromCurve/VectorFromCurve.uexp" 305
"../../../Engine/Plugins/FX/Niagara/Content/Enums/ENiagaraShapeTorusMode.uasset" 306
"../../../Engine/Plugins/FX/Niagara/Content/Enums/ENiagaraShapeTorusMode.uexp" 307
"../../../Engine/Plugins/FX/Niagara/Content/Functions/Rotation/RotateVector2D.uasset" 308
"../../../Engine/Plugins/FX/Niagara/Content/Functions/Rotation/RotateVector2D.uexp" 309
"../../../Engine/Plugins/FX/Niagara/Content/Functions/IsolateLongestVectorComponent.uasset" 310
"../../../Engine/Plugins/FX/Niagara/Content/Functions/IsolateLongestVectorComponent.uexp" 311
"../../../Engine/Plugins/FX/Niagara/Content/Functions/RandomPointInBox.uasset" 312
"../../../Engine/Plugins/FX/Niagara/Content/Functions/RandomPointInBox.uexp" 313
"../../../Engine/Plugins/FX/Niagara/Content/Functions/ParametricTorusKnot.uasset" 314
"../../../Engine/Plugins/FX/Niagara/Content/Functions/ParametricTorusKnot.uexp" 315
"../../../Engine/Plugins/FX/Niagara/Content/Functions/PolarToCartesianCoordinates.uasset" 316
"../../../Engine/Plugins/FX/Niagara/Content/Functions/PolarToCartesianCoordinates.uexp" 317
"../../../Engine/Plugins/FX/Niagara/Content/Functions/ParametricTorus.uasset" 318
"../../../Engine/Plugins/FX/Niagara/Content/Functions/ParametricTorus.uexp" 319
"../../../Engine/Plugins/FX/Niagara/Content/Functions/NormalizedExecutionIndex.uasset" 320
"../../../Engine/Plugins/FX/Niagara/Content/Functions/NormalizedExecutionIndex.uexp" 321
"../../../Engine/Plugins/FX/Niagara/Content/Functions/SphericalToCartesianCoordinates.uasset" 322
"../../../Engine/Plugins/FX/Niagara/Content/Functions/SphericalToCartesianCoordinates.uexp" 323
"../../../Engine/Plugins/FX/Niagara/Content/Enums/Transforms/ENiagara_TransformType.uasset" 324
"../../../Engine/Plugins/FX/Niagara/Content/Enums/Transforms/ENiagara_TransformType.uexp" 325
"../../../Engine/Plugins/FX/Niagara/Content/Modules/Spawn/Location/V2/ShapeLocation.uasset" 326
"../../../Engine/Plugins/FX/Niagara/Content/Modules/Spawn/Location/V2/ShapeLocation.uexp" 327
"Y:/Game Dev/projekt/GrenadeQuizz/Content/test/Ni_Audio.uasset" 328
"Y:/Game Dev/projekt/GrenadeQuizz/Content/test/Ni_Audio.uexp" 329
"Y:/Game Dev/projekt/GrenadeQuizz/Content/test/Niagara.uasset" 330
"Y:/Game Dev/projekt/GrenadeQuizz/Content/test/Niagara.uexp" 331
"Y:/Game Dev/projekt/GrenadeQuizz/Content/test/9c83fb3f46495a0a29853f97ec58f161.uasset" 332
"Y:/Game Dev/projekt/GrenadeQuizz/Content/test/9c83fb3f46495a0a29853f97ec58f161.uexp" 333
"../../../Engine/Content/EditorLandscapeResources/DefaultAlphaTexture.uasset" 334
"../../../Engine/Content/EditorLandscapeResources/DefaultAlphaTexture.uexp" 335
"../../../Engine/Content/EditorLandscapeResources/DataLayer.uasset" 336
"../../../Engine/Content/EditorLandscapeResources/DataLayer.uexp" 337
"../../../Engine/Content/EditorResources/S_TriggerSphere.uasset" 338
"../../../Engine/Content/EditorResources/S_TriggerSphere.uexp" 339
"../../../Engine/Content/EditorResources/S_TriggerCapsule.uasset" 340
"../../../Engine/Content/EditorResources/S_TriggerCapsule.uexp" 341
"../../../Engine/Content/EditorResources/S_TriggerBox.uasset" 342
"../../../Engine/Content/EditorResources/S_TriggerBox.uexp" 343
"../../../Engine/Content/EditorResources/S_Trigger.ubulk" 344
"../../../Engine/Content/EditorResources/S_Trigger.uasset" 345
"../../../Engine/Content/EditorResources/S_Trigger.uexp" 346
"../../../Engine/Content/EditorResources/S_Terrain.ubulk" 347
"../../../Engine/Content/EditorResources/S_Terrain.uasset" 348
"../../../Engine/Content/EditorResources/S_Terrain.uexp" 349
"../../../Engine/Content/EditorResources/S_Solver.ubulk" 350
"../../../Engine/Content/EditorResources/S_Solver.uasset" 351
"../../../Engine/Content/EditorResources/S_Solver.uexp" 352
"../../../Engine/Content/EditorResources/S_BoxReflectionCapture.uasset" 353
"../../../Engine/Content/EditorResources/S_BoxReflectionCapture.uexp" 354
"../../../Engine/Content/EditorResources/S_Actor.ubulk" 355
"../../../Engine/Content/EditorResources/S_Actor.uasset" 356
"../../../Engine/Content/EditorResources/S_Actor.uexp" 357
"../../../Engine/Content/EngineResources/GradientTexture0.uasset" 358
"../../../Engine/Content/EngineResources/GradientTexture0.uexp" 359
"../../../Engine/Content/EngineResources/DefaultVolumeTexture2D.uasset" 360
"../../../Engine/Content/EngineResources/DefaultVolumeTexture2D.uexp" 361
"../../../Engine/Content/EngineResources/DefaultVolumeTexture.uasset" 362
"../../../Engine/Content/EngineResources/DefaultVolumeTexture.uexp" 363
"../../../Engine/Content/EngineResources/DefaultTextureCube.uasset" 364
"../../../Engine/Content/EngineResources/DefaultTextureCube.uexp" 365
"../../../Engine/Content/EngineResources/DefaultTexture.ubulk" 366
"../../../Engine/Content/EngineResources/DefaultTexture.uasset" 367
"../../../Engine/Content/EngineResources/DefaultTexture.uexp" 368
"../../../Engine/Content/EngineResources/Black.uasset" 369
"../../../Engine/Content/EngineResources/Black.uexp" 370
"../../../Engine/Content/EngineResources/FilmGrains/Marcie_Grain_v3_128_M2_000.uasset" 371
"../../../Engine/Content/EngineResources/FilmGrains/Marcie_Grain_v3_128_M2_000.uexp" 372
"../../../Engine/Content/EngineSounds/Master.uasset" 373
"../../../Engine/Content/EngineSounds/Master.uexp" 374
"../../../Engine/Content/Functions/Engine_MaterialFunctions01/Shading/PowerToRoughness.uasset" 375
"../../../Engine/Content/Functions/Engine_MaterialFunctions01/Shading/PowerToRoughness.uexp" 376
"../../../Engine/Content/Functions/Engine_MaterialFunctions01/Shading/ConvertFromDiffSpec.uasset" 377
"../../../Engine/Content/Functions/Engine_MaterialFunctions01/Shading/ConvertFromDiffSpec.uexp" 378
"../../../Engine/Content/EngineSky/VolumetricClouds/CloudWeatherTexture.uasset" 379
"../../../Engine/Content/EngineSky/VolumetricClouds/CloudWeatherTexture.uexp" 380
"../../../Engine/Content/Functions/Engine_MaterialFunctions02/Utility/MakeFloat2.uasset" 381
"../../../Engine/Content/Functions/Engine_MaterialFunctions02/Utility/MakeFloat2.uexp" 382
"../../../Engine/Content/EngineSky/VolumetricClouds/CloudGradientTexture.uasset" 383
"../../../Engine/Content/EngineSky/VolumetricClouds/CloudGradientTexture.uexp" 384
"../../../Engine/Content/EngineSky/VolumetricClouds/T_NoiseShape64.ubulk" 385
"../../../Engine/Content/EngineSky/VolumetricClouds/T_NoiseShape64.uasset" 386
"../../../Engine/Content/EngineSky/VolumetricClouds/T_NoiseShape64.uexp" 387
"../../../Engine/Content/EngineSky/VolumetricClouds/T_VolumeNoiseShape64.uasset" 388
"../../../Engine/Content/EngineSky/VolumetricClouds/T_VolumeNoiseShape64.uexp" 389
"../../../Engine/Content/EngineSky/VolumetricClouds/T_NoiseErosion.ubulk" 390
"../../../Engine/Content/EngineSky/VolumetricClouds/T_NoiseErosion.uasset" 391
"../../../Engine/Content/EngineSky/VolumetricClouds/T_NoiseErosion.uexp" 392
"../../../Engine/Content/EngineSky/VolumetricClouds/T_VolumeNoiseErosion32.uasset" 393
"../../../Engine/Content/EngineSky/VolumetricClouds/T_VolumeNoiseErosion32.uexp" 394
"../../../Engine/Content/EngineSky/VolumetricClouds/m_SimpleVolumetricCloud.uasset" 395
"../../../Engine/Content/EngineSky/VolumetricClouds/m_SimpleVolumetricCloud.uexp" 396
"../../../Engine/Content/EngineSky/VolumetricClouds/m_SimpleVolumetricCloud_Inst.uasset" 397
"../../../Engine/Content/EngineSky/VolumetricClouds/m_SimpleVolumetricCloud_Inst.uexp" 398
"../../../Engine/Content/EngineMeshes/Sphere.ubulk" 399
"../../../Engine/Content/EngineMeshes/Sphere.uasset" 400
"../../../Engine/Content/EngineMeshes/Sphere.uexp" 401
"../../../Engine/Content/EngineResources/WhiteSquareTexture.uasset" 402
"../../../Engine/Content/EngineResources/WhiteSquareTexture.uexp" 403
"../../../Engine/Content/EngineMaterials/Widget3DPassThrough.uasset" 404
"../../../Engine/Content/EngineMaterials/Widget3DPassThrough.uexp" 405
"../../../Engine/Content/EngineMaterials/Widget3DPassThrough_Translucent.uasset" 406
"../../../Engine/Content/EngineMaterials/Widget3DPassThrough_Translucent.uexp" 407
"../../../Engine/Content/EngineMaterials/Widget3DPassThrough_Translucent_OneSided.uasset" 408
"../../../Engine/Content/EngineMaterials/Widget3DPassThrough_Translucent_OneSided.uexp" 409
"../../../Engine/Content/EngineMaterials/Widget3DPassThrough_Opaque.uasset" 410
"../../../Engine/Content/EngineMaterials/Widget3DPassThrough_Opaque.uexp" 411
"../../../Engine/Content/EngineMaterials/Widget3DPassThrough_Opaque_OneSided.uasset" 412
"../../../Engine/Content/EngineMaterials/Widget3DPassThrough_Opaque_OneSided.uexp" 413
"../../../Engine/Content/EngineMaterials/Widget3DPassThrough_Masked_OneSided.uasset" 414
"../../../Engine/Content/EngineMaterials/Widget3DPassThrough_Masked_OneSided.uexp" 415
"../../../Engine/Content/EngineMaterials/Widget3DPassThrough_Masked.uasset" 416
"../../../Engine/Content/EngineMaterials/Widget3DPassThrough_Masked.uexp" 417
"../../../Engine/Content/EngineMaterials/WeightMapPlaceholderTexture.uasset" 418
"../../../Engine/Content/EngineMaterials/WeightMapPlaceholderTexture.uexp" 419
"../../../Engine/Content/EngineMaterials/RemoveSurfaceMaterial.uasset" 420
"../../../Engine/Content/EngineMaterials/RemoveSurfaceMaterial.uexp" 421
"../../../Engine/Content/EngineMaterials/PreintegratedSkinBRDF.uasset" 422
"../../../Engine/Content/EngineMaterials/PreintegratedSkinBRDF.uexp" 423
"../../../Engine/Content/EngineMaterials/DefaultCalibrationGrayscale.uasset" 424
"../../../Engine/Content/EngineMaterials/DefaultCalibrationGrayscale.uexp" 425
"../../../Engine/Content/EngineMaterials/PPM_DefaultCalibrationGrayscale.uasset" 426
"../../../Engine/Content/EngineMaterials/PPM_DefaultCalibrationGrayscale.uexp" 427
"../../../Engine/Content/EngineMaterials/DefaultCalibrationColor.uasset" 428
"../../../Engine/Content/EngineMaterials/DefaultCalibrationColor.uexp" 429
"../../../Engine/Content/EngineMaterials/PPM_DefaultCalibrationColor.uasset" 430
"../../../Engine/Content/EngineMaterials/PPM_DefaultCalibrationColor.uexp" 431
"../../../Engine/Content/MobileResources/HUD/VirtualJoystick_Background.uasset" 432
"../../../Engine/Content/MobileResources/HUD/VirtualJoystick_Background.uexp" 433
"../../../Engine/Content/MobileResources/HUD/VirtualJoystick_Thumb.uasset" 434
"../../../Engine/Content/MobileResources/HUD/VirtualJoystick_Thumb.uexp" 435
"../../../Engine/Content/MobileResources/HUD/DefaultVirtualJoysticks.uasset" 436
"../../../Engine/Content/MobileResources/HUD/DefaultVirtualJoysticks.uexp" 437
"../../../Engine/Content/Tutorial/ContentIntroCurve.uasset" 438
"../../../Engine/Content/Tutorial/ContentIntroCurve.uexp" 439
"../../../Engine/Content/VREditor/TransformGizmo/Main.uasset" 440
"../../../Engine/Content/VREditor/TransformGizmo/Main.uexp" 441
"../../../Engine/Content/VREditor/TransformGizmo/Xray.uasset" 442
"../../../Engine/Content/VREditor/TransformGizmo/Xray.uexp" 443
"../../../Engine/Content/VREditor/TransformGizmo/SM_Sequencer_Node.ubulk" 444
"../../../Engine/Content/VREditor/TransformGizmo/SM_Sequencer_Node.uasset" 445
"../../../Engine/Content/VREditor/TransformGizmo/SM_Sequencer_Node.uexp" 446
"../../../Engine/Content/VREditor/LaserPointer/VR_LaserPower_01.ubulk" 447
"../../../Engine/Content/VREditor/LaserPointer/VR_LaserPower_01.uasset" 448
"../../../Engine/Content/VREditor/LaserPointer/VR_LaserPower_01.uexp" 449
"../../../Engine/Content/VREditor/TransformGizmo/TransformGizmoMaterial.uasset" 450
"../../../Engine/Content/VREditor/TransformGizmo/TransformGizmoMaterial.uexp" 451
"../../../Engine/Content/VREditor/TransformGizmo/TranslucentTransformGizmoMaterial.uasset" 452
"../../../Engine/Content/VREditor/TransformGizmo/TranslucentTransformGizmoMaterial.uexp" 453
"../../../Engine/Content/VREditor/TransformGizmo/PlaneTranslationHandle.ubulk" 454
"../../../Engine/Content/VREditor/TransformGizmo/PlaneTranslationHandle.uasset" 455
"../../../Engine/Content/VREditor/TransformGizmo/PlaneTranslationHandle.uexp" 456
"../../../Engine/Content/VREditor/TransformGizmo/BoundingBoxEdge.ubulk" 457
"../../../Engine/Content/VREditor/TransformGizmo/BoundingBoxEdge.uasset" 458
"../../../Engine/Content/VREditor/TransformGizmo/BoundingBoxEdge.uexp" 459
"../../../Engine/Content/VREditor/TransformGizmo/BoundingBoxCorner.ubulk" 460
"../../../Engine/Content/VREditor/TransformGizmo/BoundingBoxCorner.uasset" 461
"../../../Engine/Content/VREditor/TransformGizmo/BoundingBoxCorner.uexp" 462
"../../../Engine/Content/Functions/Engine_MaterialFunctions02/WorldPositionOffset/CameraOffset.uasset" 463
"../../../Engine/Content/Functions/Engine_MaterialFunctions02/WorldPositionOffset/CameraOffset.uexp" 464
"../../../Engine/Content/EngineMaterials/PhAT_JointLimitMaterial.uasset" 465
"../../../Engine/Content/EngineMaterials/PhAT_JointLimitMaterial.uexp" 466
"../../../Engine/Content/EngineMaterials/InvalidLightmapSettings.ubulk" 467
"../../../Engine/Content/EngineMaterials/InvalidLightmapSettings.uasset" 468
"../../../Engine/Content/EngineMaterials/InvalidLightmapSettings.uexp" 469
"../../../Engine/Content/EngineMaterials/M_InvalidLightmapSettings.uasset" 470
"../../../Engine/Content/EngineMaterials/M_InvalidLightmapSettings.uexp" 471
"../../../Engine/Content/EngineMaterials/MiniFont.uasset" 472
"../../../Engine/Content/EngineMaterials/MiniFont.uexp" 473
"../../../Engine/Content/EngineMaterials/Good64x64TilingNoiseHighFreq.uasset" 474
"../../../Engine/Content/EngineMaterials/Good64x64TilingNoiseHighFreq.uexp" 475
"../../../Engine/Content/EngineMaterials/GizmoMaterial.uasset" 476
"../../../Engine/Content/EngineMaterials/GizmoMaterial.uexp" 477
"../../../Engine/Content/EngineMaterials/BaseFlattenEmissiveMap_VT.uasset" 478
"../../../Engine/Content/EngineMaterials/BaseFlattenEmissiveMap_VT.uexp" 479
"../../../Engine/Content/EngineMaterials/BaseFlattenGrayscaleMap_VT.uasset" 480
"../../../Engine/Content/EngineMaterials/BaseFlattenGrayscaleMap_VT.uexp" 481
"../../../Engine/Content/EngineMaterials/BaseFlattenLinearColor_VT.uasset" 482
"../../../Engine/Content/EngineMaterials/BaseFlattenLinearColor_VT.uexp" 483
"../../../Engine/Content/EngineMaterials/Black_1x1_EXR_Texture_VT.uasset" 484
"../../../Engine/Content/EngineMaterials/Black_1x1_EXR_Texture_VT.uexp" 485
"../../../Engine/Content/EngineMaterials/BaseFlattenDiffuseMap_VT.uasset" 486
"../../../Engine/Content/EngineMaterials/BaseFlattenDiffuseMap_VT.uexp" 487
"../../../Engine/Content/EngineMaterials/BaseFlattenNormalMap_VT.uasset" 488
"../../../Engine/Content/EngineMaterials/BaseFlattenNormalMap_VT.uexp" 489
"../../../Engine/Content/EngineMaterials/FlattenMaterial_WS_Normal_VT.uasset" 490
"../../../Engine/Content/EngineMaterials/FlattenMaterial_WS_Normal_VT.uexp" 491
"../../../Engine/Content/EngineMaterials/FlattenMaterial_VT.uasset" 492
"../../../Engine/Content/EngineMaterials/FlattenMaterial_VT.uexp" 493
"../../../Engine/Content/EngineMaterials/BaseFlattenNormalMap.uasset" 494
"../../../Engine/Content/EngineMaterials/BaseFlattenNormalMap.uexp" 495
"../../../Engine/Content/EngineMaterials/BaseFlattenGrayscaleMap.uasset" 496
"../../../Engine/Content/EngineMaterials/BaseFlattenGrayscaleMap.uexp" 497
"../../../Engine/Content/EngineMaterials/BaseFlattenDiffuseMap.uasset" 498
"../../../Engine/Content/EngineMaterials/BaseFlattenDiffuseMap.uexp" 499
"../../../Engine/Content/Functions/Engine_MaterialFunctions02/PivotPainter2/Black_1x1_EXR_Texture.uasset" 500
"../../../Engine/Content/Functions/Engine_MaterialFunctions02/PivotPainter2/Black_1x1_EXR_Texture.uexp" 501
"../../../Engine/Content/EngineMaterials/BaseFlattenEmissiveMap.uasset" 502
"../../../Engine/Content/EngineMaterials/BaseFlattenEmissiveMap.uexp" 503
"../../../Engine/Content/EngineMaterials/BaseFlattenLinearColor.uasset" 504
"../../../Engine/Content/EngineMaterials/BaseFlattenLinearColor.uexp" 505
"../../../Engine/Content/EngineMaterials/FlattenMaterial.uasset" 506
"../../../Engine/Content/EngineMaterials/FlattenMaterial.uexp" 507
"../../../Engine/Content/EngineMaterials/DefaultWhiteGrid_Low.uasset" 508
"../../../Engine/Content/EngineMaterials/DefaultWhiteGrid_Low.uexp" 509
"../../../Engine/Content/EngineMaterials/EmissiveMeshMaterial.uasset" 510
"../../../Engine/Content/EngineMaterials/EmissiveMeshMaterial.uexp" 511
"../../../Engine/Content/EngineMaterials/DefaultWhiteGrid.ubulk" 512
"../../../Engine/Content/EngineMaterials/DefaultWhiteGrid.uasset" 513
"../../../Engine/Content/EngineMaterials/DefaultWhiteGrid.uexp" 514
"../../../Engine/Content/EngineFonts/RobotoDistanceField.uasset" 515
"../../../Engine/Content/EngineFonts/RobotoDistanceField.uexp" 516
"../../../Engine/Content/EngineMaterials/DefaultTextMaterialOpaque.uasset" 517
"../../../Engine/Content/EngineMaterials/DefaultTextMaterialOpaque.uexp" 518
"../../../Engine/Content/EngineMaterials/DefaultDiffuse.ubulk" 519
"../../../Engine/Content/EngineMaterials/DefaultDiffuse.uasset" 520
"../../../Engine/Content/EngineMaterials/DefaultDiffuse.uexp" 521
"../../../Engine/Content/EngineMaterials/DefaultPostProcessMaterial.uasset" 522
"../../../Engine/Content/EngineMaterials/DefaultPostProcessMaterial.uexp" 523
"../../../Engine/Content/EngineMaterials/DefaultPhysicalMaterial.uasset" 524
"../../../Engine/Content/EngineMaterials/DefaultPhysicalMaterial.uexp" 525
"../../../Engine/Content/EngineMaterials/DefaultLightFunctionMaterial.uasset" 526
"../../../Engine/Content/EngineMaterials/DefaultLightFunctionMaterial.uexp" 527
"../../../Engine/Content/EngineMaterials/DefaultDestructiblePhysicalMaterial.uasset" 528
"../../../Engine/Content/EngineMaterials/DefaultDestructiblePhysicalMaterial.uexp" 529
"../../../Engine/Content/EngineMaterials/DefaultDeferredDecalMaterial.uasset" 530
"../../../Engine/Content/EngineMaterials/DefaultDeferredDecalMaterial.uexp" 531
"../../../Engine/Content/EngineMaterials/DefaultBokeh.uasset" 532
"../../../Engine/Content/EngineMaterials/DefaultBokeh.uexp" 533
"../../../Engine/Content/EngineMaterials/DefaultBloomKernel.uasset" 534
"../../../Engine/Content/EngineMaterials/DefaultBloomKernel.uexp" 535
"../../../Engine/Content/EngineMaterials/BlueNoise.uasset" 536
"../../../Engine/Content/EngineMaterials/BlueNoise.uexp" 537
"../../../Engine/Plugins/2D/Paper2D/Content/PlaceholderTextures/DummySpriteTexture.ubulk" 538
"../../../Engine/Plugins/2D/Paper2D/Content/PlaceholderTextures/DummySpriteTexture.uasset" 539
"../../../Engine/Plugins/2D/Paper2D/Content/PlaceholderTextures/DummySpriteTexture.uexp" 540
"../../../Engine/Plugins/2D/Paper2D/Content/DefaultSpriteMaterial.uasset" 541
"../../../Engine/Plugins/2D/Paper2D/Content/DefaultSpriteMaterial.uexp" 542
"../../../Engine/Plugins/2D/Paper2D/Content/OpaqueUnlitSpriteMaterial.uasset" 543
"../../../Engine/Plugins/2D/Paper2D/Content/OpaqueUnlitSpriteMaterial.uexp" 544
"../../../Engine/Plugins/2D/Paper2D/Content/MaskedUnlitSpriteMaterial.uasset" 545
"../../../Engine/Plugins/2D/Paper2D/Content/MaskedUnlitSpriteMaterial.uexp" 546
"../../../Engine/Plugins/2D/Paper2D/Content/DummySprite.uasset" 547
"../../../Engine/Plugins/2D/Paper2D/Content/DummySprite.uexp" 548
"../../../Engine/Plugins/2D/Paper2D/Content/DefaultPaperTerrainMaterial.uasset" 549
"../../../Engine/Plugins/2D/Paper2D/Content/DefaultPaperTerrainMaterial.uexp" 550
"../../../Engine/Content/Functions/Engine_MaterialFunctions02/Utility/CameraDirectionVector.uasset" 551
"../../../Engine/Content/Functions/Engine_MaterialFunctions02/Utility/CameraDirectionVector.uexp" 552
"../../../Engine/Content/EngineDebugMaterials/VolumeToRender.uasset" 553
"../../../Engine/Content/EngineDebugMaterials/VolumeToRender.uexp" 554
"../../../Engine/Content/EngineDebugMaterials/M_VolumeRenderSphereTracePP.uasset" 555
"../../../Engine/Content/EngineDebugMaterials/M_VolumeRenderSphereTracePP.uexp" 556
"../../../Engine/Content/EngineDebugMaterials/M_SimpleUnlitTranslucent.uasset" 557
"../../../Engine/Content/EngineDebugMaterials/M_SimpleUnlitTranslucent.uexp" 558
"../../../Engine/Plugins/Animation/ControlRig/Content/M_Manip.uasset" 559
"../../../Engine/Plugins/Animation/ControlRig/Content/M_Manip.uexp" 560
"../../../Engine/Plugins/Animation/ControlRig/Content/Controls/DefaultGizmoLibraryNormalized.uasset" 561
"../../../Engine/Plugins/Animation/ControlRig/Content/Controls/DefaultGizmoLibraryNormalized.uexp" 562
"../../../Engine/Plugins/Animation/ControlRig/Content/Controls/ControlRig_Wedge_solid.ubulk" 563
"../../../Engine/Plugins/Animation/ControlRig/Content/Controls/ControlRig_Wedge_solid.uasset" 564
"../../../Engine/Plugins/Animation/ControlRig/Content/Controls/ControlRig_Wedge_solid.uexp" 565
"../../../Engine/Plugins/Animation/ControlRig/Content/Controls/ControlRig_Wedge_3mm.ubulk" 566
"../../../Engine/Plugins/Animation/ControlRig/Content/Controls/ControlRig_Wedge_3mm.uasset" 567
"../../../Engine/Plugins/Animation/ControlRig/Content/Controls/ControlRig_Wedge_3mm.uexp" 568
"../../../Engine/Plugins/Animation/ControlRig/Content/Controls/ControlRig_Wedge_1mm.ubulk" 569
"../../../Engine/Plugins/Animation/ControlRig/Content/Controls/ControlRig_Wedge_1mm.uasset" 570
"../../../Engine/Plugins/Animation/ControlRig/Content/Controls/ControlRig_Wedge_1mm.uexp" 571
"../../../Engine/Plugins/Animation/ControlRig/Content/Controls/ControlRig_Triangle_solid.ubulk" 572
"../../../Engine/Plugins/Animation/ControlRig/Content/Controls/ControlRig_Triangle_solid.uasset" 573
"../../../Engine/Plugins/Animation/ControlRig/Content/Controls/ControlRig_Triangle_solid.uexp" 574
"../../../Engine/Plugins/Animation/ControlRig/Content/Controls/ControlRig_Triangle_3mm.ubulk" 575
"../../../Engine/Plugins/Animation/ControlRig/Content/Controls/ControlRig_Triangle_3mm.uasset" 576
"../../../Engine/Plugins/Animation/ControlRig/Content/Controls/ControlRig_Triangle_3mm.uexp" 577
"../../../Engine/Plugins/Animation/ControlRig/Content/Controls/ControlRig_Triangle_1mm.ubulk" 578
"../../../Engine/Plugins/Animation/ControlRig/Content/Controls/ControlRig_Triangle_1mm.uasset" 579
"../../../Engine/Plugins/Animation/ControlRig/Content/Controls/ControlRig_Triangle_1mm.uexp" 580
"../../../Engine/Plugins/Animation/ControlRig/Content/Controls/ControlRig_Star4_solid.ubulk" 581
"../../../Engine/Plugins/Animation/ControlRig/Content/Controls/ControlRig_Star4_solid.uasset" 582
"../../../Engine/Plugins/Animation/ControlRig/Content/Controls/ControlRig_Star4_solid.uexp" 583
"../../../Engine/Plugins/Animation/ControlRig/Content/Controls/ControlRig_Star4_3mm.ubulk" 584
"../../../Engine/Plugins/Animation/ControlRig/Content/Controls/ControlRig_Star4_3mm.uasset" 585
"../../../Engine/Plugins/Animation/ControlRig/Content/Controls/ControlRig_Star4_3mm.uexp" 586
"../../../Engine/Plugins/Animation/ControlRig/Content/Controls/ControlRig_Star4_1mm.ubulk" 587
"../../../Engine/Plugins/Animation/ControlRig/Content/Controls/ControlRig_Star4_1mm.uasset" 588
"../../../Engine/Plugins/Animation/ControlRig/Content/Controls/ControlRig_Star4_1mm.uexp" 589
"../../../Engine/Plugins/Animation/ControlRig/Content/Controls/ControlRig_Square_solid.ubulk" 590
"../../../Engine/Plugins/Animation/ControlRig/Content/Controls/ControlRig_Square_solid.uasset" 591
"../../../Engine/Plugins/Animation/ControlRig/Content/Controls/ControlRig_Square_solid.uexp" 592
"../../../Engine/Plugins/Animation/ControlRig/Content/Controls/ControlRig_Square_3mm.ubulk" 593
"../../../Engine/Plugins/Animation/ControlRig/Content/Controls/ControlRig_Square_3mm.uasset" 594
"../../../Engine/Plugins/Animation/ControlRig/Content/Controls/ControlRig_Square_3mm.uexp" 595
"../../../Engine/Plugins/Animation/ControlRig/Content/Controls/ControlRig_Square_1mm.ubulk" 596
"../../../Engine/Plugins/Animation/ControlRig/Content/Controls/ControlRig_Square_1mm.uasset" 597
"../../../Engine/Plugins/Animation/ControlRig/Content/Controls/ControlRig_Square_1mm.uexp" 598
"../../../Engine/Plugins/Animation/ControlRig/Content/Controls/ControlRig_Sphere_solid.ubulk" 599
"../../../Engine/Plugins/Animation/ControlRig/Content/Controls/ControlRig_Sphere_solid.uasset" 600
"../../../Engine/Plugins/Animation/ControlRig/Content/Controls/ControlRig_Sphere_solid.uexp" 601
"../../../Engine/Plugins/Animation/ControlRig/Content/Controls/ControlRig_Sphere_3mm.ubulk" 602
"../../../Engine/Plugins/Animation/ControlRig/Content/Controls/ControlRig_Sphere_3mm.uasset" 603
"../../../Engine/Plugins/Animation/ControlRig/Content/Controls/ControlRig_Sphere_3mm.uexp" 604
"../../../Engine/Plugins/Animation/ControlRig/Content/Controls/ControlRig_Sphere_1mm.ubulk" 605
"../../../Engine/Plugins/Animation/ControlRig/Content/Controls/ControlRig_Sphere_1mm.uasset" 606
"../../../Engine/Plugins/Animation/ControlRig/Content/Controls/ControlRig_Sphere_1mm.uexp" 607
"../../../Engine/Plugins/Animation/ControlRig/Content/Controls/ControlRig_RoundedTriangle_solid.ubulk" 608
"../../../Engine/Plugins/Animation/ControlRig/Content/Controls/ControlRig_RoundedTriangle_solid.uasset" 609
"../../../Engine/Plugins/Animation/ControlRig/Content/Controls/ControlRig_RoundedTriangle_solid.uexp" 610
"../../../Engine/Plugins/Animation/ControlRig/Content/Controls/ControlRig_RoundedTriangle_3mm.ubulk" 611
"../../../Engine/Plugins/Animation/ControlRig/Content/Controls/ControlRig_RoundedTriangle_3mm.uasset" 612
"../../../Engine/Plugins/Animation/ControlRig/Content/Controls/ControlRig_RoundedTriangle_3mm.uexp" 613
"../../../Engine/Plugins/Animation/ControlRig/Content/Controls/ControlRig_RoundedTriangle_1mm.ubulk" 614
"../../../Engine/Plugins/Animation/ControlRig/Content/Controls/ControlRig_RoundedTriangle_1mm.uasset" 615
"../../../Engine/Plugins/Animation/ControlRig/Content/Controls/ControlRig_RoundedTriangle_1mm.uexp" 616
"../../../Engine/Plugins/Animation/ControlRig/Content/Controls/ControlRig_RoundedSquare_solid.ubulk" 617
"../../../Engine/Plugins/Animation/ControlRig/Content/Controls/ControlRig_RoundedSquare_solid.uasset" 618
"../../../Engine/Plugins/Animation/ControlRig/Content/Controls/ControlRig_RoundedSquare_solid.uexp" 619
"../../../Engine/Plugins/Animation/ControlRig/Content/Controls/ControlRig_RoundedSquare_3mm.ubulk" 620
"../../../Engine/Plugins/Animation/ControlRig/Content/Controls/ControlRig_RoundedSquare_3mm.uasset" 621
"../../../Engine/Plugins/Animation/ControlRig/Content/Controls/ControlRig_RoundedSquare_3mm.uexp" 622
"../../../Engine/Plugins/Animation/ControlRig/Content/Controls/ControlRig_RoundedSquare_1mm.ubulk" 623
"../../../Engine/Plugins/Animation/ControlRig/Content/Controls/ControlRig_RoundedSquare_1mm.uasset" 624
"../../../Engine/Plugins/Animation/ControlRig/Content/Controls/ControlRig_RoundedSquare_1mm.uexp" 625
"../../../Engine/Plugins/Animation/ControlRig/Content/Controls/ControlRig_QuarterCircle_solid.ubulk" 626
"../../../Engine/Plugins/Animation/ControlRig/Content/Controls/ControlRig_QuarterCircle_solid.uasset" 627
"../../../Engine/Plugins/Animation/ControlRig/Content/Controls/ControlRig_QuarterCircle_solid.uexp" 628
"../../../Engine/Plugins/Animation/ControlRig/Content/Controls/ControlRig_QuarterCircle_3mm.ubulk" 629
"../../../Engine/Plugins/Animation/ControlRig/Content/Controls/ControlRig_QuarterCircle_3mm.uasset" 630
"../../../Engine/Plugins/Animation/ControlRig/Content/Controls/ControlRig_QuarterCircle_3mm.uexp" 631
"../../../Engine/Plugins/Animation/ControlRig/Content/Controls/ControlRig_QuarterCircle_1mm.ubulk" 632
"../../../Engine/Plugins/Animation/ControlRig/Content/Controls/ControlRig_QuarterCircle_1mm.uasset" 633
"../../../Engine/Plugins/Animation/ControlRig/Content/Controls/ControlRig_QuarterCircle_1mm.uexp" 634
"../../../Engine/Plugins/Animation/ControlRig/Content/Controls/ControlRig_Pyramid_solid.ubulk" 635
"../../../Engine/Plugins/Animation/ControlRig/Content/Controls/ControlRig_Pyramid_solid.uasset" 636
"../../../Engine/Plugins/Animation/ControlRig/Content/Controls/ControlRig_Pyramid_solid.uexp" 637
"../../../Engine/Plugins/Animation/ControlRig/Content/Controls/ControlRig_Pyramid_3mm.ubulk" 638
"../../../Engine/Plugins/Animation/ControlRig/Content/Controls/ControlRig_Pyramid_3mm.uasset" 639
"../../../Engine/Plugins/Animation/ControlRig/Content/Controls/ControlRig_Pyramid_3mm.uexp" 640
"../../../Engine/Plugins/Animation/ControlRig/Content/Controls/ControlRig_Pyramid_1mm.ubulk" 641
"../../../Engine/Plugins/Animation/ControlRig/Content/Controls/ControlRig_Pyramid_1mm.uasset" 642
"../../../Engine/Plugins/Animation/ControlRig/Content/Controls/ControlRig_Pyramid_1mm.uexp" 643
"../../../Engine/Plugins/Animation/ControlRig/Content/Controls/ControlRig_Octagon_solid.ubulk" 644
"../../../Engine/Plugins/Animation/ControlRig/Content/Controls/ControlRig_Octagon_solid.uasset" 645
"../../../Engine/Plugins/Animation/ControlRig/Content/Controls/ControlRig_Octagon_solid.uexp" 646
"../../../Engine/Plugins/Animation/ControlRig/Content/Controls/ControlRig_Octagon_3mm.ubulk" 647
"../../../Engine/Plugins/Animation/ControlRig/Content/Controls/ControlRig_Octagon_3mm.uasset" 648
"../../../Engine/Plugins/Animation/ControlRig/Content/Controls/ControlRig_Octagon_3mm.uexp" 649
"../../../Engine/Plugins/Animation/ControlRig/Content/Controls/ControlRig_Octagon_1mm.ubulk" 650
"../../../Engine/Plugins/Animation/ControlRig/Content/Controls/ControlRig_Octagon_1mm.uasset" 651
"../../../Engine/Plugins/Animation/ControlRig/Content/Controls/ControlRig_Octagon_1mm.uexp" 652
"../../../Engine/Plugins/Animation/ControlRig/Content/Controls/ControlRig_Hexagon_solid.ubulk" 653
"../../../Engine/Plugins/Animation/ControlRig/Content/Controls/ControlRig_Hexagon_solid.uasset" 654
"../../../Engine/Plugins/Animation/ControlRig/Content/Controls/ControlRig_Hexagon_solid.uexp" 655
"../../../Engine/Plugins/Animation/ControlRig/Content/Controls/ControlRig_Hexagon_3mm.ubulk" 656
"../../../Engine/Plugins/Animation/ControlRig/Content/Controls/ControlRig_Hexagon_3mm.uasset" 657
"../../../Engine/Plugins/Animation/ControlRig/Content/Controls/ControlRig_Hexagon_3mm.uexp" 658
"../../../Engine/Plugins/Animation/ControlRig/Content/Controls/ControlRig_Hexagon_1mm.ubulk" 659
"../../../Engine/Plugins/Animation/ControlRig/Content/Controls/ControlRig_Hexagon_1mm.uasset" 660
"../../../Engine/Plugins/Animation/ControlRig/Content/Controls/ControlRig_Hexagon_1mm.uexp" 661
"../../../Engine/Plugins/Animation/ControlRig/Content/Controls/ControlRig_HalfCircle_solid.ubulk" 662
"../../../Engine/Plugins/Animation/ControlRig/Content/Controls/ControlRig_HalfCircle_solid.uasset" 663
"../../../Engine/Plugins/Animation/ControlRig/Content/Controls/ControlRig_HalfCircle_solid.uexp" 664
"../../../Engine/Plugins/Animation/ControlRig/Content/Controls/ControlRig_HalfCircle_3mm.ubulk" 665
"../../../Engine/Plugins/Animation/ControlRig/Content/Controls/ControlRig_HalfCircle_3mm.uasset" 666
"../../../Engine/Plugins/Animation/ControlRig/Content/Controls/ControlRig_HalfCircle_3mm.uexp" 667
"../../../Engine/Plugins/Animation/ControlRig/Content/Controls/ControlRig_HalfCircle_1mm.ubulk" 668
"../../../Engine/Plugins/Animation/ControlRig/Content/Controls/ControlRig_HalfCircle_1mm.uasset" 669
"../../../Engine/Plugins/Animation/ControlRig/Content/Controls/ControlRig_HalfCircle_1mm.uexp" 670
"../../../Engine/Plugins/Animation/ControlRig/Content/Controls/ControlRig_Diamond_solid.ubulk" 671
"../../../Engine/Plugins/Animation/ControlRig/Content/Controls/ControlRig_Diamond_solid.uasset" 672
"../../../Engine/Plugins/Animation/ControlRig/Content/Controls/ControlRig_Diamond_solid.uexp" 673
"../../../Engine/Plugins/Animation/ControlRig/Content/Controls/ControlRig_Diamond_3mm.ubulk" 674
"../../../Engine/Plugins/Animation/ControlRig/Content/Controls/ControlRig_Diamond_3mm.uasset" 675
"../../../Engine/Plugins/Animation/ControlRig/Content/Controls/ControlRig_Diamond_3mm.uexp" 676
"../../../Engine/Plugins/Animation/ControlRig/Content/Controls/ControlRig_Diamond_1mm.ubulk" 677
"../../../Engine/Plugins/Animation/ControlRig/Content/Controls/ControlRig_Diamond_1mm.uasset" 678
"../../../Engine/Plugins/Animation/ControlRig/Content/Controls/ControlRig_Diamond_1mm.uexp" 679
"../../../Engine/Plugins/Animation/ControlRig/Content/Controls/ControlRig_Circle_solid.ubulk" 680
"../../../Engine/Plugins/Animation/ControlRig/Content/Controls/ControlRig_Circle_solid.uasset" 681
"../../../Engine/Plugins/Animation/ControlRig/Content/Controls/ControlRig_Circle_solid.uexp" 682
"../../../Engine/Plugins/Animation/ControlRig/Content/Controls/ControlRig_Circle_3mm.ubulk" 683
"../../../Engine/Plugins/Animation/ControlRig/Content/Controls/ControlRig_Circle_3mm.uasset" 684
"../../../Engine/Plugins/Animation/ControlRig/Content/Controls/ControlRig_Circle_3mm.uexp" 685
"../../../Engine/Plugins/Animation/ControlRig/Content/Controls/ControlRig_Circle_1mm.ubulk" 686
"../../../Engine/Plugins/Animation/ControlRig/Content/Controls/ControlRig_Circle_1mm.uasset" 687
"../../../Engine/Plugins/Animation/ControlRig/Content/Controls/ControlRig_Circle_1mm.uexp" 688
"../../../Engine/Plugins/Animation/ControlRig/Content/Controls/ControlRig_Box_solid.ubulk" 689
"../../../Engine/Plugins/Animation/ControlRig/Content/Controls/ControlRig_Box_solid.uasset" 690
"../../../Engine/Plugins/Animation/ControlRig/Content/Controls/ControlRig_Box_solid.uexp" 691
"../../../Engine/Plugins/Animation/ControlRig/Content/Controls/ControlRig_Box_3mm.ubulk" 692
"../../../Engine/Plugins/Animation/ControlRig/Content/Controls/ControlRig_Box_3mm.uasset" 693
"../../../Engine/Plugins/Animation/ControlRig/Content/Controls/ControlRig_Box_3mm.uexp" 694
"../../../Engine/Plugins/Animation/ControlRig/Content/Controls/ControlRig_Box_1mm.ubulk" 695
"../../../Engine/Plugins/Animation/ControlRig/Content/Controls/ControlRig_Box_1mm.uasset" 696
"../../../Engine/Plugins/Animation/ControlRig/Content/Controls/ControlRig_Box_1mm.uexp" 697
"../../../Engine/Plugins/Animation/ControlRig/Content/Controls/ControlRig_Arrow_solid.ubulk" 698
"../../../Engine/Plugins/Animation/ControlRig/Content/Controls/ControlRig_Arrow_solid.uasset" 699
"../../../Engine/Plugins/Animation/ControlRig/Content/Controls/ControlRig_Arrow_solid.uexp" 700
"../../../Engine/Plugins/Animation/ControlRig/Content/Controls/ControlRig_Arrow_3mm.ubulk" 701
"../../../Engine/Plugins/Animation/ControlRig/Content/Controls/ControlRig_Arrow_3mm.uasset" 702
"../../../Engine/Plugins/Animation/ControlRig/Content/Controls/ControlRig_Arrow_3mm.uexp" 703
"../../../Engine/Plugins/Animation/ControlRig/Content/Controls/ControlRig_Arrow_1mm.ubulk" 704
"../../../Engine/Plugins/Animation/ControlRig/Content/Controls/ControlRig_Arrow_1mm.uasset" 705
"../../../Engine/Plugins/Animation/ControlRig/Content/Controls/ControlRig_Arrow_1mm.uexp" 706
"../../../Engine/Plugins/Animation/ControlRig/Content/Controls/ControlRig_Arrow4_solid.ubulk" 707
"../../../Engine/Plugins/Animation/ControlRig/Content/Controls/ControlRig_Arrow4_solid.uasset" 708
"../../../Engine/Plugins/Animation/ControlRig/Content/Controls/ControlRig_Arrow4_solid.uexp" 709
"../../../Engine/Plugins/Animation/ControlRig/Content/Controls/ControlRig_Arrow4_3mm.ubulk" 710
"../../../Engine/Plugins/Animation/ControlRig/Content/Controls/ControlRig_Arrow4_3mm.uasset" 711
"../../../Engine/Plugins/Animation/ControlRig/Content/Controls/ControlRig_Arrow4_3mm.uexp" 712
"../../../Engine/Plugins/Animation/ControlRig/Content/Controls/ControlRig_Arrow4_1mm.ubulk" 713
"../../../Engine/Plugins/Animation/ControlRig/Content/Controls/ControlRig_Arrow4_1mm.uasset" 714
"../../../Engine/Plugins/Animation/ControlRig/Content/Controls/ControlRig_Arrow4_1mm.uexp" 715
"../../../Engine/Plugins/Animation/ControlRig/Content/Controls/ControlRig_Arrow2_solid.ubulk" 716
"../../../Engine/Plugins/Animation/ControlRig/Content/Controls/ControlRig_Arrow2_solid.uasset" 717
"../../../Engine/Plugins/Animation/ControlRig/Content/Controls/ControlRig_Arrow2_solid.uexp" 718
"../../../Engine/Plugins/Animation/ControlRig/Content/Controls/ControlRig_Arrow2_3mm.ubulk" 719
"../../../Engine/Plugins/Animation/ControlRig/Content/Controls/ControlRig_Arrow2_3mm.uasset" 720
"../../../Engine/Plugins/Animation/ControlRig/Content/Controls/ControlRig_Arrow2_3mm.uexp" 721
"../../../Engine/Plugins/Animation/ControlRig/Content/Controls/ControlRig_Arrow2_1mm.ubulk" 722
"../../../Engine/Plugins/Animation/ControlRig/Content/Controls/ControlRig_Arrow2_1mm.uasset" 723
"../../../Engine/Plugins/Animation/ControlRig/Content/Controls/ControlRig_Arrow2_1mm.uexp" 724
"../../../Engine/Plugins/Animation/ControlRig/Content/Controls/ControlRigGizmoMaterial.uasset" 725
"../../../Engine/Plugins/Animation/ControlRig/Content/Controls/ControlRigGizmoMaterial.uexp" 726
"../../../Engine/Plugins/Runtime/HairStrands/Content/Materials/HairMeshesDefaultMaterial.uasset" 727
"../../../Engine/Plugins/Runtime/HairStrands/Content/Materials/HairMeshesDefaultMaterial.uexp" 728
"../../../Engine/Plugins/Runtime/HairStrands/Content/Materials/HairDefaultMaterial.uasset" 729
"../../../Engine/Plugins/Runtime/HairStrands/Content/Materials/HairDefaultMaterial.uexp" 730
"../../../Engine/Plugins/Runtime/HairStrands/Content/Materials/HairGroupColors.uasset" 731
"../../../Engine/Plugins/Runtime/HairStrands/Content/Materials/HairGroupColors.uexp" 732
"../../../Engine/Content/Functions/Engine_MaterialFunctions02/Utility/MakeFloat3.uasset" 733
"../../../Engine/Content/Functions/Engine_MaterialFunctions02/Utility/MakeFloat3.uexp" 734
"../../../Engine/Content/EngineMaterials/HairColorMap.uasset" 735
"../../../Engine/Content/EngineMaterials/HairColorMap.uexp" 736
"../../../Engine/Content/EngineMaterials/HairDebugColor.uasset" 737
"../../../Engine/Content/EngineMaterials/HairDebugColor.uexp" 738
"../../../Engine/Plugins/Runtime/HairStrands/Content/Materials/HairDebugMaterial.uasset" 739
"../../../Engine/Plugins/Runtime/HairStrands/Content/Materials/HairDebugMaterial.uexp" 740
"../../../Engine/Plugins/Runtime/HairStrands/Content/Materials/HairCardsDefaultMaterial.uasset" 741
"../../../Engine/Plugins/Runtime/HairStrands/Content/Materials/HairCardsDefaultMaterial.uexp" 742
"../../../Engine/Plugins/Editor/SpeedTreeImporter/Content/SpeedTree9/game_wind_noise.ubulk" 743
"../../../Engine/Plugins/Editor/SpeedTreeImporter/Content/SpeedTree9/game_wind_noise.uasset" 744
"../../../Engine/Plugins/Editor/SpeedTreeImporter/Content/SpeedTree9/game_wind_noise.uexp" 745
"../../../Engine/Plugins/Editor/SpeedTreeImporter/Content/SpeedTree9/UnpackDirection.uasset" 746
"../../../Engine/Plugins/Editor/SpeedTreeImporter/Content/SpeedTree9/UnpackDirection.uexp" 747
"../../../Engine/Content/Functions/Engine_MaterialFunctions02/ObjectLocalBounds.uasset" 748
"../../../Engine/Content/Functions/Engine_MaterialFunctions02/ObjectLocalBounds.uexp" 749
"../../../Engine/Content/Functions/Engine_MaterialFunctions02/Utility/BreakOutFloat3Components.uasset" 750
"../../../Engine/Content/Functions/Engine_MaterialFunctions02/Utility/BreakOutFloat3Components.uexp" 751
"../../../Engine/Content/Functions/Engine_MaterialFunctions02/UVs/BoundingBoxBased_0-1_UVW.uasset" 752
"../../../Engine/Content/Functions/Engine_MaterialFunctions02/UVs/BoundingBoxBased_0-1_UVW.uexp" 753
"../../../Engine/Content/Functions/Engine_MaterialFunctions02/Utility/VectorLength.uasset" 754
"../../../Engine/Content/Functions/Engine_MaterialFunctions02/Utility/VectorLength.uexp" 755
"../../../Engine/Plugins/Editor/SpeedTreeImporter/Content/SpeedTree9/UnpackInteger3.uasset" 756
"../../../Engine/Plugins/Editor/SpeedTreeImporter/Content/SpeedTree9/UnpackInteger3.uexp" 757
"../../../Engine/Plugins/Editor/SpeedTreeImporter/Content/SpeedTree9/SpeedTreeCameraFacing.uasset" 758
"../../../Engine/Plugins/Editor/SpeedTreeImporter/Content/SpeedTree9/SpeedTreeCameraFacing.uexp" 759
"../../../Engine/Content/Functions/Engine_MaterialFunctions02/WorldPositionOffset/ObjectScale.uasset" 760
"../../../Engine/Content/Functions/Engine_MaterialFunctions02/WorldPositionOffset/ObjectScale.uexp" 761
"../../../Engine/Content/Functions/Engine_MaterialFunctions02/SafeNormalize.uasset" 762
"../../../Engine/Content/Functions/Engine_MaterialFunctions02/SafeNormalize.uexp" 763
"../../../Engine/Plugins/Editor/SpeedTreeImporter/Content/SpeedTree9/SpeedTreeWindMotion.uasset" 764
"../../../Engine/Plugins/Editor/SpeedTreeImporter/Content/SpeedTree9/SpeedTreeWindMotion.uexp" 765
"../../../Engine/Plugins/Editor/SpeedTreeImporter/Content/SpeedTree9/SpeedTreeBranchMotion.uasset" 766
"../../../Engine/Plugins/Editor/SpeedTreeImporter/Content/SpeedTree9/SpeedTreeBranchMotion.uexp" 767
"../../../Engine/Plugins/Editor/SpeedTreeImporter/Content/SpeedTree9/SpeedTreeWind.uasset" 768
"../../../Engine/Plugins/Editor/SpeedTreeImporter/Content/SpeedTree9/SpeedTreeWind.uexp" 769
"../../../Engine/Plugins/Editor/SpeedTreeImporter/Content/SpeedTree9/EmptyNormal.uasset" 770
"../../../Engine/Plugins/Editor/SpeedTreeImporter/Content/SpeedTree9/EmptyNormal.uexp" 771
"../../../Engine/Plugins/Editor/SpeedTreeImporter/Content/SpeedTree9/Empty.uasset" 772
"../../../Engine/Plugins/Editor/SpeedTreeImporter/Content/SpeedTree9/Empty.uexp" 773
"../../../Engine/Plugins/Editor/SpeedTreeImporter/Content/SpeedTree9/SpeedTreeMaster.uasset" 774
"../../../Engine/Plugins/Editor/SpeedTreeImporter/Content/SpeedTree9/SpeedTreeMaster.uexp" 775
"../../../Engine/Plugins/Editor/SpeedTreeImporter/Content/SpeedTree9/SpeedTreeBillboard.uasset" 776
"../../../Engine/Plugins/Editor/SpeedTreeImporter/Content/SpeedTree9/SpeedTreeBillboard.uexp" 777
"../../../Engine/Plugins/Editor/SpeedTreeImporter/Content/SpeedTree9/SpeedTreeBillboardMaster.uasset" 778
"../../../Engine/Plugins/Editor/SpeedTreeImporter/Content/SpeedTree9/SpeedTreeBillboardMaster.uexp" 779
"../../../Engine/Content/EngineDebugMaterials/DebugMeshMaterial.uasset" 780
"../../../Engine/Content/EngineDebugMaterials/DebugMeshMaterial.uexp" 781
"../../../Engine/Content/EngineDebugMaterials/DebugEditorMaterial.uasset" 782
"../../../Engine/Content/EngineDebugMaterials/DebugEditorMaterial.uexp" 783
"../../../Engine/Content/EngineDamageTypes/DmgTypeBP_Environmental.uasset" 784
"../../../Engine/Content/EngineDamageTypes/DmgTypeBP_Environmental.uexp" 785
"../../../Engine/Content/EditorResources/EmptyActor.uasset" 786
"../../../Engine/Content/EditorResources/EmptyActor.uexp" 787
"../../../Engine/Content/EditorResources/BSPVertex.uasset" 788
"../../../Engine/Content/EditorResources/BSPVertex.uexp" 789
"../../../Engine/Content/EditorResources/SequenceRecorder/RecordingIndicator.uasset" 790
"../../../Engine/Content/EditorResources/SequenceRecorder/RecordingIndicator.uexp" 791
"../../../Engine/Content/EditorResources/SequenceRecorder/Countdown.uasset" 792
"../../../Engine/Content/EditorResources/SequenceRecorder/Countdown.uexp" 793
"../../../Engine/Content/EditorResources/AudioIcons/S_AudioComponent_AutoActivate.uasset" 794
"../../../Engine/Content/EditorResources/AudioIcons/S_AudioComponent_AutoActivate.uexp" 795
"../../../Engine/Content/EditorMaterials/Camera/CineMat.uasset" 796
"../../../Engine/Content/EditorMaterials/Camera/CineMat.uexp" 797
"../../../Engine/Content/EditorMaterials/Camera/MI_CineMat_Rig.uasset" 798
"../../../Engine/Content/EditorMaterials/Camera/MI_CineMat_Rig.uexp" 799
"../../../Engine/Content/EditorMeshes/Camera/SM_RailRig_Track.ubulk" 800
"../../../Engine/Content/EditorMeshes/Camera/SM_RailRig_Track.uasset" 801
"../../../Engine/Content/EditorMeshes/Camera/SM_RailRig_Track.uexp" 802
"../../../Engine/Content/EditorMeshes/Camera/SM_RailRig_Mount.ubulk" 803
"../../../Engine/Content/EditorMeshes/Camera/SM_RailRig_Mount.uasset" 804
"../../../Engine/Content/EditorMeshes/Camera/SM_RailRig_Mount.uexp" 805
"../../../Engine/Content/EditorMeshes/Camera/SM_CraneRig_Mount.ubulk" 806
"../../../Engine/Content/EditorMeshes/Camera/SM_CraneRig_Mount.uasset" 807
"../../../Engine/Content/EditorMeshes/Camera/SM_CraneRig_Mount.uexp" 808
"../../../Engine/Content/EditorMeshes/Camera/SM_CraneRig_Body.ubulk" 809
"../../../Engine/Content/EditorMeshes/Camera/SM_CraneRig_Body.uasset" 810
"../../../Engine/Content/EditorMeshes/Camera/SM_CraneRig_Body.uexp" 811
"../../../Engine/Content/EditorMeshes/Camera/SM_CraneRig_Base.ubulk" 812
"../../../Engine/Content/EditorMeshes/Camera/SM_CraneRig_Base.uasset" 813
"../../../Engine/Content/EditorMeshes/Camera/SM_CraneRig_Base.uexp" 814
"../../../Engine/Content/EditorMeshes/Camera/SM_CraneRig_Arm.ubulk" 815
"../../../Engine/Content/EditorMeshes/Camera/SM_CraneRig_Arm.uasset" 816
"../../../Engine/Content/EditorMeshes/Camera/SM_CraneRig_Arm.uexp" 817
"../../../Engine/Content/EditorMaterials/PreviewShadowIndicator.ubulk" 818
"../../../Engine/Content/EditorMaterials/PreviewShadowIndicator.uasset" 819
"../../../Engine/Content/EditorMaterials/PreviewShadowIndicator.uexp" 820
"../../../Engine/Content/EditorMaterials/PreviewShadowIndicatorMaterial.uasset" 821
"../../../Engine/Content/EditorMaterials/PreviewShadowIndicatorMaterial.uexp" 822
"../../../Engine/Content/EditorMaterials/MAT_Groups_Visibility.uasset" 823
"../../../Engine/Content/EditorMaterials/MAT_Groups_Visibility.uexp" 824
"../../../Engine/Content/EditorMaterials/MAT_Groups_Toggle.uasset" 825
"../../../Engine/Content/EditorMaterials/MAT_Groups_Toggle.uexp" 826
"../../../Engine/Content/Functions/Engine_MaterialFunctions02/Utility/MakeFloat4.uasset" 827
"../../../Engine/Content/Functions/Engine_MaterialFunctions02/Utility/MakeFloat4.uexp" 828
"../../../Engine/Content/EditorMaterials/WorldPartition/WorldPartitionSpatialHashGridPreviewMaterial.uasset" 829
"../../../Engine/Content/EditorMaterials/WorldPartition/WorldPartitionSpatialHashGridPreviewMaterial.uexp" 830
"../../../Engine/Content/EditorMaterials/ParticleSystems/PSysThumbnail_OOD.ubulk" 831
"../../../Engine/Content/EditorMaterials/ParticleSystems/PSysThumbnail_OOD.uasset" 832
"../../../Engine/Content/EditorMaterials/ParticleSystems/PSysThumbnail_OOD.uexp" 833
"../../../Engine/Content/EditorMaterials/ParticleSystems/PSysThumbnail_NoImage.ubulk" 834
"../../../Engine/Content/EditorMaterials/ParticleSystems/PSysThumbnail_NoImage.uasset" 835
"../../../Engine/Content/EditorMaterials/ParticleSystems/PSysThumbnail_NoImage.uexp" 836
"../../../Engine/Content/EditorMaterials/MatineeGroups/MAT_Groups_Vector.uasset" 837
"../../../Engine/Content/EditorMaterials/MatineeGroups/MAT_Groups_Vector.uexp" 838
"../../../Engine/Content/EditorMaterials/MatineeGroups/MAT_Groups_Sound.uasset" 839
"../../../Engine/Content/EditorMaterials/MatineeGroups/MAT_Groups_Sound.uexp" 840
"../../../Engine/Content/EditorMaterials/MatineeGroups/MAT_Groups_Slomo.uasset" 841
"../../../Engine/Content/EditorMaterials/MatineeGroups/MAT_Groups_Slomo.uexp" 842
"../../../Engine/Content/EditorMaterials/MatineeGroups/MAT_Groups_Move.uasset" 843
"../../../Engine/Content/EditorMaterials/MatineeGroups/MAT_Groups_Move.uexp" 844
"../../../Engine/Content/EditorMaterials/MatineeGroups/MAT_Groups_Float.uasset" 845
"../../../Engine/Content/EditorMaterials/MatineeGroups/MAT_Groups_Float.uexp" 846
"../../../Engine/Content/EditorMaterials/MatineeGroups/MAT_Groups_Fade.uasset" 847
"../../../Engine/Content/EditorMaterials/MatineeGroups/MAT_Groups_Fade.uexp" 848
"../../../Engine/Content/EditorMaterials/MatineeGroups/MAT_Groups_Event.uasset" 849
"../../../Engine/Content/EditorMaterials/MatineeGroups/MAT_Groups_Event.uexp" 850
"../../../Engine/Content/EditorMaterials/MatineeGroups/MAT_Groups_Director.uasset" 851
"../../../Engine/Content/EditorMaterials/MatineeGroups/MAT_Groups_Director.uexp" 852
"../../../Engine/Content/EditorMaterials/MatineeGroups/MAT_Groups_AudioMaster.uasset" 853
"../../../Engine/Content/EditorMaterials/MatineeGroups/MAT_Groups_AudioMaster.uexp" 854
"../../../Engine/Content/EditorMaterials/MatineeGroups/MAT_Groups_Anim.uasset" 855
"../../../Engine/Content/EditorMaterials/MatineeGroups/MAT_Groups_Anim.uexp" 856
"../../../Engine/Content/EditorMaterials/MatineeGroups/MAT_ColorTrack.uasset" 857
"../../../Engine/Content/EditorMaterials/MatineeGroups/MAT_ColorTrack.uexp" 858
"Y:/Game Dev/projekt/GrenadeQuizz/Content/GameMediaPlayer.uasset" 859
"Y:/Game Dev/projekt/GrenadeQuizz/Content/GameMediaPlayer.uexp" 860
"Y:/Game Dev/projekt/GrenadeQuizz/Content/AdminMediaPlayer.uasset" 861
"Y:/Game Dev/projekt/GrenadeQuizz/Content/AdminMediaPlayer.uexp" 862
"Y:/Game Dev/projekt/GrenadeQuizz/Content/sweat-droplets_1f4a6.uasset" 863
"Y:/Game Dev/projekt/GrenadeQuizz/Content/sweat-droplets_1f4a6.uexp" 864
"../../../Engine/Content/EngineFonts/Faces/RobotoLight.uexp" 865
"../../../Engine/Content/EngineFonts/Faces/RobotoLight.uasset" 866
"../../../Engine/Content/EngineFonts/Faces/RobotoLight.ufont" 867
"../../../Engine/Content/EngineFonts/Faces/RobotoBold.uexp" 868
"../../../Engine/Content/EngineFonts/Faces/RobotoBold.uasset" 869
"../../../Engine/Content/EngineFonts/Faces/RobotoBold.ufont" 870
"../../../Engine/Content/EngineFonts/Faces/RobotoRegular.uexp" 871
"../../../Engine/Content/EngineFonts/Faces/RobotoRegular.uasset" 872
"../../../Engine/Content/EngineFonts/Faces/RobotoRegular.ufont" 873
"../../../Engine/Content/EngineFonts/Faces/DroidSansFallback.uexp" 874
"../../../Engine/Content/EngineFonts/Faces/DroidSansFallback.uasset" 875
"../../../Engine/Content/EngineFonts/Faces/DroidSansFallback.ufont" 876
"../../../Engine/Content/EngineFonts/Faces/RobotoItalic.uexp" 877
"../../../Engine/Content/EngineFonts/Faces/RobotoItalic.uasset" 878
"../../../Engine/Content/EngineFonts/Faces/RobotoItalic.ufont" 879
"../../../Engine/Content/EngineFonts/Faces/RobotoBoldItalic.uexp" 880
"../../../Engine/Content/EngineFonts/Faces/RobotoBoldItalic.uasset" 881
"../../../Engine/Content/EngineFonts/Faces/RobotoBoldItalic.ufont" 882
"../../../Engine/Content/EngineFonts/Roboto.uasset" 883
"../../../Engine/Content/EngineFonts/Roboto.uexp" 884
"Y:/Game Dev/projekt/GrenadeQuizz/Content/conthrax-sb.uexp" 885
"Y:/Game Dev/projekt/GrenadeQuizz/Content/conthrax-sb.uasset" 886
"Y:/Game Dev/projekt/GrenadeQuizz/Content/conthrax-sb.ufont" 887
"Y:/Game Dev/projekt/GrenadeQuizz/Content/conthrax-sb_Font.uasset" 888
"Y:/Game Dev/projekt/GrenadeQuizz/Content/conthrax-sb_Font.uexp" 889
"Y:/Game Dev/projekt/GrenadeQuizz/Content/interface/templates/gameCategoryButtonTemplate.uasset" 890
"Y:/Game Dev/projekt/GrenadeQuizz/Content/interface/templates/gameCategoryButtonTemplate.uexp" 891
"Y:/Game Dev/projekt/GrenadeQuizz/Content/BP_gameData.uasset" 892
"Y:/Game Dev/projekt/GrenadeQuizz/Content/BP_gameData.uexp" 893
"Y:/Game Dev/projekt/GrenadeQuizz/Content/BP_GameInstance.uasset" 894
"Y:/Game Dev/projekt/GrenadeQuizz/Content/BP_GameInstance.uexp" 895
"../../../Engine/Content/EditorBlueprintResources/StandardMacros.uasset" 896
"../../../Engine/Content/EditorBlueprintResources/StandardMacros.uexp" 897
"Y:/Game Dev/projekt/GrenadeQuizz/Content/def1c48-c2971896-4887-4d5d-89a5-8746c92bffe6.uasset" 898
"Y:/Game Dev/projekt/GrenadeQuizz/Content/def1c48-c2971896-4887-4d5d-89a5-8746c92bffe6.uexp" 899
"Y:/Game Dev/projekt/GrenadeQuizz/Content/cursor.uasset" 900
"Y:/Game Dev/projekt/GrenadeQuizz/Content/cursor.uexp" 901
"Y:/Game Dev/projekt/GrenadeQuizz/Content/interface/gameInterface.uasset" 902
"Y:/Game Dev/projekt/GrenadeQuizz/Content/interface/gameInterface.uexp" 903
"Y:/Game Dev/projekt/GrenadeQuizz/Content/eyes_1f440.uasset" 904
"Y:/Game Dev/projekt/GrenadeQuizz/Content/eyes_1f440.uexp" 905
"Y:/Game Dev/projekt/GrenadeQuizz/Content/interface/Settings.uasset" 906
"Y:/Game Dev/projekt/GrenadeQuizz/Content/interface/Settings.uexp" 907
"Y:/Game Dev/projekt/GrenadeQuizz/Content/interface/mainMenu.uasset" 908
"Y:/Game Dev/projekt/GrenadeQuizz/Content/interface/mainMenu.uexp" 909
"Y:/Game Dev/projekt/GrenadeQuizz/Content/interface/templates/adminCategoriesTemplate.uasset" 910
"Y:/Game Dev/projekt/GrenadeQuizz/Content/interface/templates/adminCategoriesTemplate.uexp" 911
"Y:/Game Dev/projekt/GrenadeQuizz/Content/interface/templates/questionTextTemplate.uasset" 912
"Y:/Game Dev/projekt/GrenadeQuizz/Content/interface/templates/questionTextTemplate.uexp" 913
"Y:/Game Dev/projekt/GrenadeQuizz/Content/interface/admin.uasset" 914
"Y:/Game Dev/projekt/GrenadeQuizz/Content/interface/admin.uexp" 915
"Y:/Game Dev/projekt/GrenadeQuizz/Content/SQLConnection.uasset" 916
"Y:/Game Dev/projekt/GrenadeQuizz/Content/SQLConnection.uexp" 917
"Y:/Game Dev/projekt/GrenadeQuizz/Content/Menu.uexp" 918
"Y:/Game Dev/projekt/GrenadeQuizz/Content/Menu.umap" 919
"../../../Engine/Content/Maps/Entry_BuiltData.uasset" 920
"../../../Engine/Content/Maps/Entry_BuiltData.uexp" 921
"../../../Engine/Content/Maps/Entry.uexp" 922
"../../../Engine/Content/Maps/Entry.umap" 923
